#
# There is insufficient memory for the Java Runtime Environment to continue.
# Native memory allocation (mmap) failed to map 266338304 bytes. Error detail: G1 virtual space
# Possible reasons:
#   The system is out of physical RAM or swap space
#   This process is running with CompressedOops enabled, and the Java Heap may be blocking the growth of the native heap
# Possible solutions:
#   Reduce memory load on the system
#   Increase physical memory or swap space
#   Check if swap backing store is full
#   Decrease Java heap size (-Xmx/-Xms)
#   Decrease number of Java threads
#   Decrease Java thread stack sizes (-Xss)
#   Set larger code cache with -XX:ReservedCodeCacheSize=
#   JVM is running with Zero Based Compressed Oops mode in which the Java heap is
#     placed in the first 32GB address space. The Java Heap base address is the
#     maximum limit for the native heap growth. Please use -XX:HeapBaseMinAddress
#     to set the Java Heap base and to place the Java Heap above 32GB virtual address.
# This output file may be truncated or incomplete.
#
#  Out of Memory Error (os_windows.cpp:3564), pid=7148, tid=17264
#
# JRE version:  (24.0+36) (build )
# Java VM: Java HotSpot(TM) 64-Bit Server VM (24+36-3646, mixed mode, sharing, tiered, compressed oops, compressed class ptrs, g1 gc, windows-amd64)
# No core dump will be written. Minidumps are not enabled by default on client versions of Windows
#

---------------  S U M M A R Y ------------

Command Line: -Dfile.encoding=UTF-8 --module-path=C:\Users\Parametrización\Documents\NetBeansProjects\Gestor_Ropa\build\classes GUI.Inventario

Host: Intel(R) Core(TM) i5-8400T CPU @ 1.70GHz, 6 cores, 15G,  Windows 11 , 64 bit Build 26100 (10.0.26100.5074)
Time: Tue Sep  2 13:18:01 2025 Hora est. Pacífico, Sudamérica elapsed time: 0.082026 seconds (0d 0h 0m 0s)

---------------  T H R E A D  ---------------

Current thread (0x000001f60dd9ae60):  JavaThread "Unknown thread" [_thread_in_vm, id=17264, stack(0x000000b565200000,0x000000b565300000) (1024K)]

Stack: [0x000000b565200000,0x000000b565300000]
Native frames: (J=compiled Java code, j=interpreted, Vv=VM code, C=native code)
V  [jvm.dll+0x7308c9]  (no source info available)
V  [jvm.dll+0x8d9ca3]  (no source info available)
V  [jvm.dll+0x8dc13d]  (no source info available)
V  [jvm.dll+0x8dc7b3]  (no source info available)
V  [jvm.dll+0x2aa046]  (no source info available)
V  [jvm.dll+0x72cdf5]  (no source info available)
V  [jvm.dll+0x72091a]  (no source info available)
V  [jvm.dll+0x390d8a]  (no source info available)
V  [jvm.dll+0x398a96]  (no source info available)
V  [jvm.dll+0x3852de]  (no source info available)
V  [jvm.dll+0x385598]  (no source info available)
V  [jvm.dll+0x35d16c]  (no source info available)
V  [jvm.dll+0x35de2d]  (no source info available)
V  [jvm.dll+0x89d41f]  (no source info available)
V  [jvm.dll+0x3f98fd]  (no source info available)
V  [jvm.dll+0x885a76]  (no source info available)
V  [jvm.dll+0x49604e]  (no source info available)
V  [jvm.dll+0x497e21]  (no source info available)
C  [jli.dll+0x52a1]  (no source info available)
C  [ucrtbase.dll+0x37b0]  (no source info available)
C  [KERNEL32.DLL+0x2e8d7]  (no source info available)
C  [ntdll.dll+0x8d9c]  (no source info available)

Lock stack of current Java thread (top to bottom):


---------------  P R O C E S S  ---------------

Threads class SMR info:
_java_thread_list=0x00007ffb354bf318, length=0, elements={
}

Java Threads: ( => current thread )
Total: 0

Other Threads:
  0x000001f61022d000 WorkerThread "GC Thread#0"                     [id=16460, stack(0x000000b565300000,0x000000b565400000) (1024K)]
  0x000001f610241d60 ConcurrentGCThread "G1 Main Marker"            [id=10684, stack(0x000000b565400000,0x000000b565500000) (1024K)]
  0x000001f610242910 WorkerThread "G1 Conc#0"                       [id=15200, stack(0x000000b565500000,0x000000b565600000) (1024K)]

[error occurred during error reporting (printing all threads), id 0xc0000005, EXCEPTION_ACCESS_VIOLATION (0xc0000005) at pc=0x00007ffb34bf158a]
VM state: not at safepoint (not fully initialized)

VM Mutex/Monitor currently owned by a thread:  ([mutex/lock_event])
[0x00007ffb355445c0] Heap_lock - owner thread: 0x000001f60dd9ae60

Heap address: 0x0000000702c00000, size: 4052 MB, Compressed Oops mode: Zero based, Oop shift amount: 3

CDS archive(s) mapped at: [0x0000000000000000-0x0000000000000000-0x0000000000000000), size 0, SharedBaseAddress: 0x0000000800000000, ArchiveRelocationMode: 1.
UseCompressedClassPointers 1, UseCompactObjectHeaders 0
Narrow klass pointer bits 32, Max shift 3
Narrow klass base: 0xffffffffffffffff, Narrow klass shift: -1
Encoding Range: [0xffffffffffffffff - 0x000000007fffffff), (2147483648 bytes)
Klass Range:    [0x0000000000000000 - 0x0000000000000000), (0 bytes)
Klass ID Range:  [4294967295 - 0) (1)

GC Precious Log:
 CardTable entry size: 512
 Card Set container configuration: InlinePtr #cards 4 size 8 Array Of Cards #cards 16 size 48 Howl #buckets 8 coarsen threshold 3686 Howl Bitmap #cards 512 size 80 coarsen threshold 460 Card regions per heap region 1 cards per card region 4096

Heap:
 garbage-first heap   total reserved 4149248K, committed 0K, used 0K [0x0000000702c00000, 0x0000000800000000)
  region size 2048K, 0 young (0K), 0 survivors (0K)

[error occurred during error reporting (printing heap information), id 0xc0000005, EXCEPTION_ACCESS_VIOLATION (0xc0000005) at pc=0x00007ffb3500e579]
GC Heap History (0 events):
No events

Dll operation events (1 events):
Event: 0.011 Loaded shared library C:\Program Files\Java\jdk-24\bin\java.dll

Deoptimization events (0 events):
No events

Classes loaded (0 events):
No events

Classes unloaded (0 events):
No events

Classes redefined (0 events):
No events

Internal exceptions (0 events):
No events

VM Operations (0 events):
No events

Memory protections (0 events):
No events

Nmethod flushes (0 events):
No events

Events (0 events):
No events


Dynamic libraries:
0x00007ff642080000 - 0x00007ff642090000 	C:\Program Files\Java\jdk-24\bin\java.exe
0x00007ffc139a0000 - 0x00007ffc13c09000 	C:\WINDOWS\SYSTEM32\ntdll.dll
0x00007ffc11cc0000 - 0x00007ffc11d89000 	C:\WINDOWS\System32\KERNEL32.DLL
0x00007ffc11070000 - 0x00007ffc11463000 	C:\WINDOWS\System32\KERNELBASE.dll
0x00007ffc11470000 - 0x00007ffc115bb000 	C:\WINDOWS\System32\ucrtbase.dll
0x00007ffc0a3c0000 - 0x00007ffc0a3d6000 	C:\Program Files\Java\jdk-24\bin\jli.dll
0x00007ffbff150000 - 0x00007ffbff16b000 	C:\Program Files\Java\jdk-24\bin\VCRUNTIME140.dll
0x00007ffc12bf0000 - 0x00007ffc12db4000 	C:\WINDOWS\System32\USER32.dll
0x00007ffc11740000 - 0x00007ffc11767000 	C:\WINDOWS\System32\win32u.dll
0x00007ffbf5dd0000 - 0x00007ffbf6063000 	C:\WINDOWS\WinSxS\amd64_microsoft.windows.common-controls_6595b64144ccf1df_6.0.26100.5074_none_3e0d6f78e32fd63f\COMCTL32.dll
0x00007ffc13930000 - 0x00007ffc1395b000 	C:\WINDOWS\System32\GDI32.dll
0x00007ffc12f50000 - 0x00007ffc12ff9000 	C:\WINDOWS\System32\msvcrt.dll
0x00007ffc10b30000 - 0x00007ffc10c5d000 	C:\WINDOWS\System32\gdi32full.dll
0x00007ffc10e60000 - 0x00007ffc10f03000 	C:\WINDOWS\System32\msvcp_win.dll
0x00007ffc12500000 - 0x00007ffc1252f000 	C:\WINDOWS\System32\IMM32.DLL
0x00007ffc0a380000 - 0x00007ffc0a38c000 	C:\Program Files\Java\jdk-24\bin\vcruntime140_1.dll
0x00007ffbfe5e0000 - 0x00007ffbfe66e000 	C:\Program Files\Java\jdk-24\bin\msvcp140.dll
0x00007ffb34880000 - 0x00007ffb35622000 	C:\Program Files\Java\jdk-24\bin\server\jvm.dll
0x00007ffc11780000 - 0x00007ffc11834000 	C:\WINDOWS\System32\ADVAPI32.dll
0x00007ffc12ea0000 - 0x00007ffc12f46000 	C:\WINDOWS\System32\sechost.dll
0x00007ffc120b0000 - 0x00007ffc121c8000 	C:\WINDOWS\System32\RPCRT4.dll
0x00007ffc11840000 - 0x00007ffc118b4000 	C:\WINDOWS\System32\WS2_32.dll
0x00007ffc109b0000 - 0x00007ffc10a0e000 	C:\WINDOWS\SYSTEM32\POWRPROF.dll
0x00007ffc0b550000 - 0x00007ffc0b55b000 	C:\WINDOWS\SYSTEM32\VERSION.dll
0x00007ffbf87c0000 - 0x00007ffbf87f5000 	C:\WINDOWS\SYSTEM32\WINMM.dll
0x00007ffc10990000 - 0x00007ffc109a4000 	C:\WINDOWS\SYSTEM32\UMPDC.dll
0x00007ffc0f8d0000 - 0x00007ffc0f8eb000 	C:\WINDOWS\SYSTEM32\kernel.appcore.dll
0x00007ffbff380000 - 0x00007ffbff38a000 	C:\Program Files\Java\jdk-24\bin\jimage.dll
0x00007ffbf6370000 - 0x00007ffbf65b2000 	C:\WINDOWS\SYSTEM32\DBGHELP.DLL
0x00007ffc11940000 - 0x00007ffc11cbb000 	C:\WINDOWS\System32\combase.dll
0x00007ffc12dc0000 - 0x00007ffc12e97000 	C:\WINDOWS\System32\OLEAUT32.dll
0x00007ffbf5770000 - 0x00007ffbf57ad000 	C:\WINDOWS\SYSTEM32\dbgcore.DLL
0x00007ffc10f10000 - 0x00007ffc10fa9000 	C:\WINDOWS\System32\bcryptPrimitives.dll
0x00007ffbff060000 - 0x00007ffbff07e000 	C:\Program Files\Java\jdk-24\bin\java.dll
0x00007ffc12350000 - 0x00007ffc124e8000 	C:\WINDOWS\System32\ole32.dll
0x00007ffc131e0000 - 0x00007ffc1392d000 	C:\WINDOWS\System32\SHELL32.dll
0x00007ffc10cf0000 - 0x00007ffc10e5c000 	C:\WINDOWS\System32\wintypes.dll

dbghelp: loaded successfully - version: 4.0.5 - missing functions: none
symbol engine: initialized successfully - sym options: 0x614 - pdb path: .;C:\Program Files\Java\jdk-24\bin;C:\WINDOWS\SYSTEM32;C:\WINDOWS\WinSxS\amd64_microsoft.windows.common-controls_6595b64144ccf1df_6.0.26100.5074_none_3e0d6f78e32fd63f;C:\Program Files\Java\jdk-24\bin\server

VM Arguments:
jvm_args: -Dfile.encoding=UTF-8 --module-path=C:\Users\Parametrización\Documents\NetBeansProjects\Gestor_Ropa\build\classes 
java_command: GUI.Inventario
java_class_path (initial): D:\mysql-connector-j-9.3.0\mysql-connector-j-9.3.0.jar;C:\Users\Parametrización\Documents\NetBeansProjects\Gestor_Ropa\build\classes
Launcher Type: SUN_STANDARD

[Global flags]
     intx CICompilerCount                          = 3                                         {product} {ergonomic}
     uint ConcGCThreads                            = 2                                         {product} {ergonomic}
     uint G1ConcRefinementThreads                  = 6                                         {product} {ergonomic}
   size_t G1HeapRegionSize                         = 2097152                                   {product} {ergonomic}
   size_t InitialHeapSize                          = 266338304                                 {product} {ergonomic}
   size_t MarkStackSize                            = 4194304                                   {product} {ergonomic}
   size_t MarkStackSizeMax                         = 536870912                                 {product} {ergonomic}
   size_t MaxHeapSize                              = 4248829952                                {product} {ergonomic}
   size_t MinHeapDeltaBytes                        = 2097152                                   {product} {ergonomic}
   size_t MinHeapSize                              = 8388608                                   {product} {ergonomic}
    uintx NonNMethodCodeHeapSize                   = 5832704                                {pd product} {ergonomic}
    uintx NonProfiledCodeHeapSize                  = 122945536                              {pd product} {ergonomic}
    uintx ProfiledCodeHeapSize                     = 122880000                              {pd product} {ergonomic}
    uintx ReservedCodeCacheSize                    = 251658240                              {pd product} {ergonomic}
     bool SegmentedCodeCache                       = true                                      {product} {ergonomic}
   size_t SoftMaxHeapSize                          = 4248829952                             {manageable} {ergonomic}
     bool UseCompressedOops                        = true                           {product lp64_product} {ergonomic}
     bool UseG1GC                                  = true                                      {product} {ergonomic}
     bool UseLargePagesIndividualAllocation        = false                                  {pd product} {ergonomic}

Logging:
Log output configuration:
 #0: stdout all=warning uptime,level,tags foldmultilines=false
 #1: stderr all=off uptime,level,tags foldmultilines=false

Environment Variables:
PATH=C:\Program Files\Common Files\Oracle\Java\javapath;C:\WINDOWS\system32;C:\WINDOWS;C:\WINDOWS\System32\Wbem;C:\WINDOWS\System32\WindowsPowerShell\v1.0\;C:\WINDOWS\System32\OpenSSH\;C:\Program Files\Git\cmd;C:\Users\Parametrización\AppData\Local\Microsoft\WindowsApps;C:\Users\Parametrización\AppData\Local\Programs\Microsoft VS Code\bin;
USERNAME=Parametrización
OS=Windows_NT
PROCESSOR_IDENTIFIER=Intel64 Family 6 Model 158 Stepping 10, GenuineIntel
TMP=C:\Users\PARAME~1\AppData\Local\Temp
TEMP=C:\Users\PARAME~1\AppData\Local\Temp




Periodic native trim disabled

---------------  S Y S T E M  ---------------

OS:
 Windows 11 , 64 bit Build 26100 (10.0.26100.5074)
OS uptime: 3 days 1:08 hours
Hyper-V role detected

CPU: total 6 (initial active 6) (6 cores per cpu, 1 threads per core) family 6 model 158 stepping 10 microcode 0xf0, cx8, cmov, fxsr, mmx, 3dnowpref, sse, sse2, sse3, ssse3, sse4.1, sse4.2, popcnt, lzcnt, tsc, tscinvbit, avx, avx2, aes, erms, clmul, bmi1, bmi2, adx, fma, vzeroupper, clflush, clflushopt, hv, rdtscp, f16c
Processor Information for the first 6 processors :
  Max Mhz: 1704, Current Mhz: 1704, Mhz Limit: 1704

Memory: 4k page, system-wide physical 16207M (4853M free)
TotalPageFile size 18255M (AvailPageFile size 184M)
current process WorkingSet (physical memory assigned to process): 13M, peak: 13M
current process commit charge ("private bytes"): 56M, peak: 310M

vm_info: Java HotSpot(TM) 64-Bit Server VM (24+36-3646) for windows-amd64 JRE (24+36-3646), built on 2025-02-06T00:20:43Z with MS VC++ 17.6 (VS2022)

END.
