#
# There is insufficient memory for the Java Runtime Environment to continue.
# Native memory allocation (malloc) failed to allocate 9550544 bytes. Error detail: Chunk::new
# Possible reasons:
#   The system is out of physical RAM or swap space
#   This process is running with CompressedOops enabled, and the Java Heap may be blocking the growth of the native heap
# Possible solutions:
#   Reduce memory load on the system
#   Increase physical memory or swap space
#   Check if swap backing store is full
#   Decrease Java heap size (-Xmx/-Xms)
#   Decrease number of Java threads
#   Decrease Java thread stack sizes (-Xss)
#   Set larger code cache with -XX:ReservedCodeCacheSize=
#   JVM is running with Zero Based Compressed Oops mode in which the Java heap is
#     placed in the first 32GB address space. The Java Heap base address is the
#     maximum limit for the native heap growth. Please use -XX:HeapBaseMinAddress
#     to set the Java Heap base and to place the Java Heap above 32GB virtual address.
# This output file may be truncated or incomplete.
#
#  Out of Memory Error (arena.cpp:162), pid=13360, tid=16480
#
# JRE version: Java(TM) SE Runtime Environment (24.0+36) (build 24+36-3646)
# Java VM: Java HotSpot(TM) 64-Bit Server VM (24+36-3646, mixed mode, sharing, tiered, compressed oops, compressed class ptrs, g1 gc, windows-amd64)
# No core dump will be written. Minidumps are not enabled by default on client versions of Windows
#

---------------  S U M M A R Y ------------

Command Line: -Dfile.encoding=UTF-8 --module-path=C:\Users\Parametrización\Documents\NetBeansProjects\Gestor_Ropa\build\classes GUI.Ventas

Host: Intel(R) Core(TM) i5-8400T CPU @ 1.70GHz, 6 cores, 15G,  Windows 11 , 64 bit Build 26100 (10.0.26100.5074)
Time: Tue Sep  2 12:53:02 2025 Hora est. Pacífico, Sudamérica elapsed time: 1.504592 seconds (0d 0h 0m 1s)

---------------  T H R E A D  ---------------

Current thread (0x0000022d24b6ea10):  JavaThread "C2 CompilerThread0" daemon [_thread_in_native, id=16480, stack(0x000000da54e00000,0x000000da54f00000) (1024K)]


Current CompileTask:
C2:1504 1392       4       sun.security.ec.ECOperations::setDouble (463 bytes)

Stack: [0x000000da54e00000,0x000000da54f00000]
Native frames: (J=compiled Java code, j=interpreted, Vv=VM code, C=native code)
V  [jvm.dll+0x7308c9]  (no source info available)
V  [jvm.dll+0x8d9ca3]  (no source info available)
V  [jvm.dll+0x8dc13d]  (no source info available)
V  [jvm.dll+0x8dc7b3]  (no source info available)
V  [jvm.dll+0x2aa046]  (no source info available)
V  [jvm.dll+0xced8f]  (no source info available)
V  [jvm.dll+0xcefef]  (no source info available)
V  [jvm.dll+0x154d23]  (no source info available)
V  [jvm.dll+0x7360ef]  (no source info available)
V  [jvm.dll+0x26f9dc]  (no source info available)
V  [jvm.dll+0x26e9ff]  (no source info available)
V  [jvm.dll+0x1e9d00]  (no source info available)
V  [jvm.dll+0x27e1bb]  (no source info available)
V  [jvm.dll+0x27c45a]  (no source info available)
V  [jvm.dll+0x42f566]  (no source info available)
V  [jvm.dll+0x87d8fb]  (no source info available)
V  [jvm.dll+0x72efe5]  (no source info available)
C  [ucrtbase.dll+0x37b0]  (no source info available)
C  [KERNEL32.DLL+0x2e8d7]  (no source info available)
C  [ntdll.dll+0x8d9c]  (no source info available)

Lock stack of current Java thread (top to bottom):


---------------  P R O C E S S  ---------------

Threads class SMR info:
_java_thread_list=0x0000022d6a7109d0, length=17, elements={
0x0000022d24b64030, 0x0000022d24b66c70, 0x0000022d24b6b7c0, 0x0000022d24b6c550,
0x0000022d24b6d1b0, 0x0000022d24b790d0, 0x0000022d24b6ea10, 0x0000022d24b81e80,
0x0000022d24b78980, 0x0000022d24b79820, 0x0000022d24d91900, 0x0000022d24b79f70,
0x0000022d24b7a6c0, 0x0000022d24b77390, 0x0000022d24b77ae0, 0x0000022d24b78230,
0x0000022d6a6804c0
}

Java Threads: ( => current thread )
  0x0000022d24b64030 JavaThread "Reference Handler"          daemon [_thread_blocked, id=21144, stack(0x000000da54800000,0x000000da54900000) (1024K)]
  0x0000022d24b66c70 JavaThread "Finalizer"                  daemon [_thread_blocked, id=8016, stack(0x000000da54900000,0x000000da54a00000) (1024K)]
  0x0000022d24b6b7c0 JavaThread "Signal Dispatcher"          daemon [_thread_blocked, id=18600, stack(0x000000da54a00000,0x000000da54b00000) (1024K)]
  0x0000022d24b6c550 JavaThread "Attach Listener"            daemon [_thread_blocked, id=4836, stack(0x000000da54b00000,0x000000da54c00000) (1024K)]
  0x0000022d24b6d1b0 JavaThread "Service Thread"             daemon [_thread_blocked, id=15792, stack(0x000000da54c00000,0x000000da54d00000) (1024K)]
  0x0000022d24b790d0 JavaThread "Monitor Deflation Thread"   daemon [_thread_blocked, id=18308, stack(0x000000da54d00000,0x000000da54e00000) (1024K)]
=>0x0000022d24b6ea10 JavaThread "C2 CompilerThread0"         daemon [_thread_in_native, id=16480, stack(0x000000da54e00000,0x000000da54f00000) (1024K)]
  0x0000022d24b81e80 JavaThread "C1 CompilerThread0"         daemon [_thread_blocked, id=18064, stack(0x000000da54f00000,0x000000da55000000) (1024K)]
  0x0000022d24b78980 JavaThread "Common-Cleaner"             daemon [_thread_blocked, id=10748, stack(0x000000da55000000,0x000000da55100000) (1024K)]
  0x0000022d24b79820 JavaThread "Notification Thread"        daemon [_thread_blocked, id=17192, stack(0x000000da55100000,0x000000da55200000) (1024K)]
  0x0000022d24d91900 JavaThread "C2 CompilerThread1"         daemon [_thread_blocked, id=19760, stack(0x000000da55200000,0x000000da55300000) (1024K)]
  0x0000022d24b79f70 JavaThread "Java2D Disposer"            daemon [_thread_blocked, id=9120, stack(0x000000da55300000,0x000000da55400000) (1024K)]
  0x0000022d24b7a6c0 JavaThread "AWT-Shutdown"                      [_thread_blocked, id=15660, stack(0x000000da55400000,0x000000da55500000) (1024K)]
  0x0000022d24b77390 JavaThread "AWT-Windows"                daemon [_thread_in_native, id=10744, stack(0x000000da55500000,0x000000da55600000) (1024K)]
  0x0000022d24b77ae0 JavaThread "AWT-EventQueue-0"                  [_thread_in_Java, id=4536, stack(0x000000da55600000,0x000000da55700000) (1024K)]
  0x0000022d24b78230 JavaThread "DestroyJavaVM"                     [_thread_blocked, id=19628, stack(0x000000da54000000,0x000000da54100000) (1024K)]
  0x0000022d6a6804c0 JavaThread "mysql-cj-abandoned-connection-cleanup" daemon [_thread_blocked, id=9844, stack(0x000000da55700000,0x000000da55800000) (1024K)]
Total: 17

Other Threads:
  0x0000022d24b54570 VMThread "VM Thread"                           [id=8304, stack(0x000000da54700000,0x000000da54800000) (1024K)]
  0x0000022d24b453c0 WatcherThread "VM Periodic Task Thread"        [id=9164, stack(0x000000da54600000,0x000000da54700000) (1024K)]
  0x0000022d03c1e580 WorkerThread "GC Thread#0"                     [id=7616, stack(0x000000da54100000,0x000000da54200000) (1024K)]
  0x0000022d03c33260 ConcurrentGCThread "G1 Main Marker"            [id=16716, stack(0x000000da54200000,0x000000da54300000) (1024K)]
  0x0000022d03c34c60 WorkerThread "G1 Conc#0"                       [id=1812, stack(0x000000da54300000,0x000000da54400000) (1024K)]
  0x0000022d24a00160 ConcurrentGCThread "G1 Refine#0"               [id=11056, stack(0x000000da54400000,0x000000da54500000) (1024K)]
  0x0000022d24a00990 ConcurrentGCThread "G1 Service"                [id=16680, stack(0x000000da54500000,0x000000da54600000) (1024K)]
Total: 7

Threads with active compile tasks:
C2 CompilerThread0  1592 1392       4       sun.security.ec.ECOperations::setDouble (463 bytes)
C1 CompilerThread0  1592 1740       3       java.lang.invoke.MemberName::asConstructor (58 bytes)
Total: 2

VM state: not at safepoint (normal execution)

VM Mutex/Monitor currently owned by a thread: None

Heap address: 0x0000000702c00000, size: 4052 MB, Compressed Oops mode: Zero based, Oop shift amount: 3

CDS archive(s) mapped at: [0x0000022d25000000-0x0000022d25d40000-0x0000022d25d40000), size 13893632, SharedBaseAddress: 0x0000022d25000000, ArchiveRelocationMode: 1.
Compressed class space mapped at: 0x0000022d26000000-0x0000022d66000000, reserved size: 1073741824
UseCompressedClassPointers 1, UseCompactObjectHeaders 0
Narrow klass pointer bits 32, Max shift 3
Narrow klass base: 0x0000022d25000000, Narrow klass shift: 0
Encoding Range: [0x0000022d25000000 - 0x0000022e25000000), (4294967296 bytes)
Klass Range:    [0x0000022d25000000 - 0x0000022d66000000), (1090519040 bytes)
Klass ID Range:  [8 - 1090519033) (1090519025)

GC Precious Log:
 CardTable entry size: 512
 Card Set container configuration: InlinePtr #cards 4 size 8 Array Of Cards #cards 16 size 48 Howl #buckets 8 coarsen threshold 3686 Howl Bitmap #cards 512 size 80 coarsen threshold 460 Card regions per heap region 1 cards per card region 4096
 CPUs: 6 total, 6 available
 Memory: 16207M
 Large Page Support: Disabled
 NUMA Support: Disabled
 Compressed Oops: Enabled (Zero based)
 Heap Region Size: 2M
 Heap Min Capacity: 8M
 Heap Initial Capacity: 254M
 Heap Max Capacity: 4052M
 Pre-touch: Disabled
 Parallel Workers: 6
 Concurrent Workers: 2
 Concurrent Refinement Workers: 6
 Periodic GC: Disabled

Heap:
 garbage-first heap   total reserved 4149248K, committed 262144K, used 29812K [0x0000000702c00000, 0x0000000800000000)
  region size 2048K, 15 young (30720K), 0 survivors (0K)
 Metaspace       used 18108K, committed 18240K, reserved 1114112K
  class space    used 1793K, committed 1856K, reserved 1048576K

Heap Regions: E=young(eden), S=young(survivor), O=old, HS=humongous(starts), HC=humongous(continues), CS=collection set, F=free, TAMS=top-at-mark-start, PB=parsable bottom
|   0|0x0000000702c00000, 0x0000000702c00000, 0x0000000702e00000|  0%| F|  |TAMS 0x0000000702c00000| PB 0x0000000702c00000| Untracked |  0
|   1|0x0000000702e00000, 0x0000000702e00000, 0x0000000703000000|  0%| F|  |TAMS 0x0000000702e00000| PB 0x0000000702e00000| Untracked |  0
|   2|0x0000000703000000, 0x0000000703000000, 0x0000000703200000|  0%| F|  |TAMS 0x0000000703000000| PB 0x0000000703000000| Untracked |  0
|   3|0x0000000703200000, 0x0000000703200000, 0x0000000703400000|  0%| F|  |TAMS 0x0000000703200000| PB 0x0000000703200000| Untracked |  0
|   4|0x0000000703400000, 0x0000000703400000, 0x0000000703600000|  0%| F|  |TAMS 0x0000000703400000| PB 0x0000000703400000| Untracked |  0
|   5|0x0000000703600000, 0x0000000703600000, 0x0000000703800000|  0%| F|  |TAMS 0x0000000703600000| PB 0x0000000703600000| Untracked |  0
|   6|0x0000000703800000, 0x0000000703800000, 0x0000000703a00000|  0%| F|  |TAMS 0x0000000703800000| PB 0x0000000703800000| Untracked |  0
|   7|0x0000000703a00000, 0x0000000703a00000, 0x0000000703c00000|  0%| F|  |TAMS 0x0000000703a00000| PB 0x0000000703a00000| Untracked |  0
|   8|0x0000000703c00000, 0x0000000703c00000, 0x0000000703e00000|  0%| F|  |TAMS 0x0000000703c00000| PB 0x0000000703c00000| Untracked |  0
|   9|0x0000000703e00000, 0x0000000703e00000, 0x0000000704000000|  0%| F|  |TAMS 0x0000000703e00000| PB 0x0000000703e00000| Untracked |  0
|  10|0x0000000704000000, 0x0000000704000000, 0x0000000704200000|  0%| F|  |TAMS 0x0000000704000000| PB 0x0000000704000000| Untracked |  0
|  11|0x0000000704200000, 0x0000000704200000, 0x0000000704400000|  0%| F|  |TAMS 0x0000000704200000| PB 0x0000000704200000| Untracked |  0
|  12|0x0000000704400000, 0x0000000704400000, 0x0000000704600000|  0%| F|  |TAMS 0x0000000704400000| PB 0x0000000704400000| Untracked |  0
|  13|0x0000000704600000, 0x0000000704600000, 0x0000000704800000|  0%| F|  |TAMS 0x0000000704600000| PB 0x0000000704600000| Untracked |  0
|  14|0x0000000704800000, 0x0000000704800000, 0x0000000704a00000|  0%| F|  |TAMS 0x0000000704800000| PB 0x0000000704800000| Untracked |  0
|  15|0x0000000704a00000, 0x0000000704a00000, 0x0000000704c00000|  0%| F|  |TAMS 0x0000000704a00000| PB 0x0000000704a00000| Untracked |  0
|  16|0x0000000704c00000, 0x0000000704c00000, 0x0000000704e00000|  0%| F|  |TAMS 0x0000000704c00000| PB 0x0000000704c00000| Untracked |  0
|  17|0x0000000704e00000, 0x0000000704e00000, 0x0000000705000000|  0%| F|  |TAMS 0x0000000704e00000| PB 0x0000000704e00000| Untracked |  0
|  18|0x0000000705000000, 0x0000000705000000, 0x0000000705200000|  0%| F|  |TAMS 0x0000000705000000| PB 0x0000000705000000| Untracked |  0
|  19|0x0000000705200000, 0x0000000705200000, 0x0000000705400000|  0%| F|  |TAMS 0x0000000705200000| PB 0x0000000705200000| Untracked |  0
|  20|0x0000000705400000, 0x0000000705400000, 0x0000000705600000|  0%| F|  |TAMS 0x0000000705400000| PB 0x0000000705400000| Untracked |  0
|  21|0x0000000705600000, 0x0000000705600000, 0x0000000705800000|  0%| F|  |TAMS 0x0000000705600000| PB 0x0000000705600000| Untracked |  0
|  22|0x0000000705800000, 0x0000000705800000, 0x0000000705a00000|  0%| F|  |TAMS 0x0000000705800000| PB 0x0000000705800000| Untracked |  0
|  23|0x0000000705a00000, 0x0000000705a00000, 0x0000000705c00000|  0%| F|  |TAMS 0x0000000705a00000| PB 0x0000000705a00000| Untracked |  0
|  24|0x0000000705c00000, 0x0000000705c00000, 0x0000000705e00000|  0%| F|  |TAMS 0x0000000705c00000| PB 0x0000000705c00000| Untracked |  0
|  25|0x0000000705e00000, 0x0000000705e00000, 0x0000000706000000|  0%| F|  |TAMS 0x0000000705e00000| PB 0x0000000705e00000| Untracked |  0
|  26|0x0000000706000000, 0x0000000706000000, 0x0000000706200000|  0%| F|  |TAMS 0x0000000706000000| PB 0x0000000706000000| Untracked |  0
|  27|0x0000000706200000, 0x0000000706200000, 0x0000000706400000|  0%| F|  |TAMS 0x0000000706200000| PB 0x0000000706200000| Untracked |  0
|  28|0x0000000706400000, 0x0000000706400000, 0x0000000706600000|  0%| F|  |TAMS 0x0000000706400000| PB 0x0000000706400000| Untracked |  0
|  29|0x0000000706600000, 0x0000000706600000, 0x0000000706800000|  0%| F|  |TAMS 0x0000000706600000| PB 0x0000000706600000| Untracked |  0
|  30|0x0000000706800000, 0x0000000706800000, 0x0000000706a00000|  0%| F|  |TAMS 0x0000000706800000| PB 0x0000000706800000| Untracked |  0
|  31|0x0000000706a00000, 0x0000000706a00000, 0x0000000706c00000|  0%| F|  |TAMS 0x0000000706a00000| PB 0x0000000706a00000| Untracked |  0
|  32|0x0000000706c00000, 0x0000000706c00000, 0x0000000706e00000|  0%| F|  |TAMS 0x0000000706c00000| PB 0x0000000706c00000| Untracked |  0
|  33|0x0000000706e00000, 0x0000000706e00000, 0x0000000707000000|  0%| F|  |TAMS 0x0000000706e00000| PB 0x0000000706e00000| Untracked |  0
|  34|0x0000000707000000, 0x0000000707000000, 0x0000000707200000|  0%| F|  |TAMS 0x0000000707000000| PB 0x0000000707000000| Untracked |  0
|  35|0x0000000707200000, 0x0000000707200000, 0x0000000707400000|  0%| F|  |TAMS 0x0000000707200000| PB 0x0000000707200000| Untracked |  0
|  36|0x0000000707400000, 0x0000000707400000, 0x0000000707600000|  0%| F|  |TAMS 0x0000000707400000| PB 0x0000000707400000| Untracked |  0
|  37|0x0000000707600000, 0x0000000707600000, 0x0000000707800000|  0%| F|  |TAMS 0x0000000707600000| PB 0x0000000707600000| Untracked |  0
|  38|0x0000000707800000, 0x0000000707800000, 0x0000000707a00000|  0%| F|  |TAMS 0x0000000707800000| PB 0x0000000707800000| Untracked |  0
|  39|0x0000000707a00000, 0x0000000707a00000, 0x0000000707c00000|  0%| F|  |TAMS 0x0000000707a00000| PB 0x0000000707a00000| Untracked |  0
|  40|0x0000000707c00000, 0x0000000707c00000, 0x0000000707e00000|  0%| F|  |TAMS 0x0000000707c00000| PB 0x0000000707c00000| Untracked |  0
|  41|0x0000000707e00000, 0x0000000707e00000, 0x0000000708000000|  0%| F|  |TAMS 0x0000000707e00000| PB 0x0000000707e00000| Untracked |  0
|  42|0x0000000708000000, 0x0000000708000000, 0x0000000708200000|  0%| F|  |TAMS 0x0000000708000000| PB 0x0000000708000000| Untracked |  0
|  43|0x0000000708200000, 0x0000000708200000, 0x0000000708400000|  0%| F|  |TAMS 0x0000000708200000| PB 0x0000000708200000| Untracked |  0
|  44|0x0000000708400000, 0x0000000708400000, 0x0000000708600000|  0%| F|  |TAMS 0x0000000708400000| PB 0x0000000708400000| Untracked |  0
|  45|0x0000000708600000, 0x0000000708600000, 0x0000000708800000|  0%| F|  |TAMS 0x0000000708600000| PB 0x0000000708600000| Untracked |  0
|  46|0x0000000708800000, 0x0000000708800000, 0x0000000708a00000|  0%| F|  |TAMS 0x0000000708800000| PB 0x0000000708800000| Untracked |  0
|  47|0x0000000708a00000, 0x0000000708a00000, 0x0000000708c00000|  0%| F|  |TAMS 0x0000000708a00000| PB 0x0000000708a00000| Untracked |  0
|  48|0x0000000708c00000, 0x0000000708c00000, 0x0000000708e00000|  0%| F|  |TAMS 0x0000000708c00000| PB 0x0000000708c00000| Untracked |  0
|  49|0x0000000708e00000, 0x0000000708e00000, 0x0000000709000000|  0%| F|  |TAMS 0x0000000708e00000| PB 0x0000000708e00000| Untracked |  0
|  50|0x0000000709000000, 0x0000000709000000, 0x0000000709200000|  0%| F|  |TAMS 0x0000000709000000| PB 0x0000000709000000| Untracked |  0
|  51|0x0000000709200000, 0x0000000709200000, 0x0000000709400000|  0%| F|  |TAMS 0x0000000709200000| PB 0x0000000709200000| Untracked |  0
|  52|0x0000000709400000, 0x0000000709400000, 0x0000000709600000|  0%| F|  |TAMS 0x0000000709400000| PB 0x0000000709400000| Untracked |  0
|  53|0x0000000709600000, 0x0000000709600000, 0x0000000709800000|  0%| F|  |TAMS 0x0000000709600000| PB 0x0000000709600000| Untracked |  0
|  54|0x0000000709800000, 0x0000000709800000, 0x0000000709a00000|  0%| F|  |TAMS 0x0000000709800000| PB 0x0000000709800000| Untracked |  0
|  55|0x0000000709a00000, 0x0000000709a00000, 0x0000000709c00000|  0%| F|  |TAMS 0x0000000709a00000| PB 0x0000000709a00000| Untracked |  0
|  56|0x0000000709c00000, 0x0000000709c00000, 0x0000000709e00000|  0%| F|  |TAMS 0x0000000709c00000| PB 0x0000000709c00000| Untracked |  0
|  57|0x0000000709e00000, 0x0000000709e00000, 0x000000070a000000|  0%| F|  |TAMS 0x0000000709e00000| PB 0x0000000709e00000| Untracked |  0
|  58|0x000000070a000000, 0x000000070a000000, 0x000000070a200000|  0%| F|  |TAMS 0x000000070a000000| PB 0x000000070a000000| Untracked |  0
|  59|0x000000070a200000, 0x000000070a200000, 0x000000070a400000|  0%| F|  |TAMS 0x000000070a200000| PB 0x000000070a200000| Untracked |  0
|  60|0x000000070a400000, 0x000000070a400000, 0x000000070a600000|  0%| F|  |TAMS 0x000000070a400000| PB 0x000000070a400000| Untracked |  0
|  61|0x000000070a600000, 0x000000070a600000, 0x000000070a800000|  0%| F|  |TAMS 0x000000070a600000| PB 0x000000070a600000| Untracked |  0
|  62|0x000000070a800000, 0x000000070a800000, 0x000000070aa00000|  0%| F|  |TAMS 0x000000070a800000| PB 0x000000070a800000| Untracked |  0
|  63|0x000000070aa00000, 0x000000070aa00000, 0x000000070ac00000|  0%| F|  |TAMS 0x000000070aa00000| PB 0x000000070aa00000| Untracked |  0
|  64|0x000000070ac00000, 0x000000070ac00000, 0x000000070ae00000|  0%| F|  |TAMS 0x000000070ac00000| PB 0x000000070ac00000| Untracked |  0
|  65|0x000000070ae00000, 0x000000070ae00000, 0x000000070b000000|  0%| F|  |TAMS 0x000000070ae00000| PB 0x000000070ae00000| Untracked |  0
|  66|0x000000070b000000, 0x000000070b000000, 0x000000070b200000|  0%| F|  |TAMS 0x000000070b000000| PB 0x000000070b000000| Untracked |  0
|  67|0x000000070b200000, 0x000000070b200000, 0x000000070b400000|  0%| F|  |TAMS 0x000000070b200000| PB 0x000000070b200000| Untracked |  0
|  68|0x000000070b400000, 0x000000070b400000, 0x000000070b600000|  0%| F|  |TAMS 0x000000070b400000| PB 0x000000070b400000| Untracked |  0
|  69|0x000000070b600000, 0x000000070b600000, 0x000000070b800000|  0%| F|  |TAMS 0x000000070b600000| PB 0x000000070b600000| Untracked |  0
|  70|0x000000070b800000, 0x000000070b800000, 0x000000070ba00000|  0%| F|  |TAMS 0x000000070b800000| PB 0x000000070b800000| Untracked |  0
|  71|0x000000070ba00000, 0x000000070ba00000, 0x000000070bc00000|  0%| F|  |TAMS 0x000000070ba00000| PB 0x000000070ba00000| Untracked |  0
|  72|0x000000070bc00000, 0x000000070bc00000, 0x000000070be00000|  0%| F|  |TAMS 0x000000070bc00000| PB 0x000000070bc00000| Untracked |  0
|  73|0x000000070be00000, 0x000000070be00000, 0x000000070c000000|  0%| F|  |TAMS 0x000000070be00000| PB 0x000000070be00000| Untracked |  0
|  74|0x000000070c000000, 0x000000070c000000, 0x000000070c200000|  0%| F|  |TAMS 0x000000070c000000| PB 0x000000070c000000| Untracked |  0
|  75|0x000000070c200000, 0x000000070c200000, 0x000000070c400000|  0%| F|  |TAMS 0x000000070c200000| PB 0x000000070c200000| Untracked |  0
|  76|0x000000070c400000, 0x000000070c400000, 0x000000070c600000|  0%| F|  |TAMS 0x000000070c400000| PB 0x000000070c400000| Untracked |  0
|  77|0x000000070c600000, 0x000000070c600000, 0x000000070c800000|  0%| F|  |TAMS 0x000000070c600000| PB 0x000000070c600000| Untracked |  0
|  78|0x000000070c800000, 0x000000070c800000, 0x000000070ca00000|  0%| F|  |TAMS 0x000000070c800000| PB 0x000000070c800000| Untracked |  0
|  79|0x000000070ca00000, 0x000000070ca00000, 0x000000070cc00000|  0%| F|  |TAMS 0x000000070ca00000| PB 0x000000070ca00000| Untracked |  0
|  80|0x000000070cc00000, 0x000000070cc00000, 0x000000070ce00000|  0%| F|  |TAMS 0x000000070cc00000| PB 0x000000070cc00000| Untracked |  0
|  81|0x000000070ce00000, 0x000000070ce00000, 0x000000070d000000|  0%| F|  |TAMS 0x000000070ce00000| PB 0x000000070ce00000| Untracked |  0
|  82|0x000000070d000000, 0x000000070d000000, 0x000000070d200000|  0%| F|  |TAMS 0x000000070d000000| PB 0x000000070d000000| Untracked |  0
|  83|0x000000070d200000, 0x000000070d200000, 0x000000070d400000|  0%| F|  |TAMS 0x000000070d200000| PB 0x000000070d200000| Untracked |  0
|  84|0x000000070d400000, 0x000000070d400000, 0x000000070d600000|  0%| F|  |TAMS 0x000000070d400000| PB 0x000000070d400000| Untracked |  0
|  85|0x000000070d600000, 0x000000070d600000, 0x000000070d800000|  0%| F|  |TAMS 0x000000070d600000| PB 0x000000070d600000| Untracked |  0
|  86|0x000000070d800000, 0x000000070d800000, 0x000000070da00000|  0%| F|  |TAMS 0x000000070d800000| PB 0x000000070d800000| Untracked |  0
|  87|0x000000070da00000, 0x000000070da00000, 0x000000070dc00000|  0%| F|  |TAMS 0x000000070da00000| PB 0x000000070da00000| Untracked |  0
|  88|0x000000070dc00000, 0x000000070dc00000, 0x000000070de00000|  0%| F|  |TAMS 0x000000070dc00000| PB 0x000000070dc00000| Untracked |  0
|  89|0x000000070de00000, 0x000000070de00000, 0x000000070e000000|  0%| F|  |TAMS 0x000000070de00000| PB 0x000000070de00000| Untracked |  0
|  90|0x000000070e000000, 0x000000070e000000, 0x000000070e200000|  0%| F|  |TAMS 0x000000070e000000| PB 0x000000070e000000| Untracked |  0
|  91|0x000000070e200000, 0x000000070e200000, 0x000000070e400000|  0%| F|  |TAMS 0x000000070e200000| PB 0x000000070e200000| Untracked |  0
|  92|0x000000070e400000, 0x000000070e400000, 0x000000070e600000|  0%| F|  |TAMS 0x000000070e400000| PB 0x000000070e400000| Untracked |  0
|  93|0x000000070e600000, 0x000000070e600000, 0x000000070e800000|  0%| F|  |TAMS 0x000000070e600000| PB 0x000000070e600000| Untracked |  0
|  94|0x000000070e800000, 0x000000070e800000, 0x000000070ea00000|  0%| F|  |TAMS 0x000000070e800000| PB 0x000000070e800000| Untracked |  0
|  95|0x000000070ea00000, 0x000000070ea00000, 0x000000070ec00000|  0%| F|  |TAMS 0x000000070ea00000| PB 0x000000070ea00000| Untracked |  0
|  96|0x000000070ec00000, 0x000000070ec00000, 0x000000070ee00000|  0%| F|  |TAMS 0x000000070ec00000| PB 0x000000070ec00000| Untracked |  0
|  97|0x000000070ee00000, 0x000000070ee00000, 0x000000070f000000|  0%| F|  |TAMS 0x000000070ee00000| PB 0x000000070ee00000| Untracked |  0
|  98|0x000000070f000000, 0x000000070f000000, 0x000000070f200000|  0%| F|  |TAMS 0x000000070f000000| PB 0x000000070f000000| Untracked |  0
|  99|0x000000070f200000, 0x000000070f200000, 0x000000070f400000|  0%| F|  |TAMS 0x000000070f200000| PB 0x000000070f200000| Untracked |  0
| 100|0x000000070f400000, 0x000000070f400000, 0x000000070f600000|  0%| F|  |TAMS 0x000000070f400000| PB 0x000000070f400000| Untracked |  0
| 101|0x000000070f600000, 0x000000070f600000, 0x000000070f800000|  0%| F|  |TAMS 0x000000070f600000| PB 0x000000070f600000| Untracked |  0
| 102|0x000000070f800000, 0x000000070f800000, 0x000000070fa00000|  0%| F|  |TAMS 0x000000070f800000| PB 0x000000070f800000| Untracked |  0
| 103|0x000000070fa00000, 0x000000070fa00000, 0x000000070fc00000|  0%| F|  |TAMS 0x000000070fa00000| PB 0x000000070fa00000| Untracked |  0
| 104|0x000000070fc00000, 0x000000070fc00000, 0x000000070fe00000|  0%| F|  |TAMS 0x000000070fc00000| PB 0x000000070fc00000| Untracked |  0
| 105|0x000000070fe00000, 0x000000070fe00000, 0x0000000710000000|  0%| F|  |TAMS 0x000000070fe00000| PB 0x000000070fe00000| Untracked |  0
| 106|0x0000000710000000, 0x0000000710000000, 0x0000000710200000|  0%| F|  |TAMS 0x0000000710000000| PB 0x0000000710000000| Untracked |  0
| 107|0x0000000710200000, 0x0000000710200000, 0x0000000710400000|  0%| F|  |TAMS 0x0000000710200000| PB 0x0000000710200000| Untracked |  0
| 108|0x0000000710400000, 0x0000000710400000, 0x0000000710600000|  0%| F|  |TAMS 0x0000000710400000| PB 0x0000000710400000| Untracked |  0
| 109|0x0000000710600000, 0x0000000710600000, 0x0000000710800000|  0%| F|  |TAMS 0x0000000710600000| PB 0x0000000710600000| Untracked |  0
| 110|0x0000000710800000, 0x0000000710800000, 0x0000000710a00000|  0%| F|  |TAMS 0x0000000710800000| PB 0x0000000710800000| Untracked |  0
| 111|0x0000000710a00000, 0x0000000710a00000, 0x0000000710c00000|  0%| F|  |TAMS 0x0000000710a00000| PB 0x0000000710a00000| Untracked |  0
| 112|0x0000000710c00000, 0x0000000710dc6950, 0x0000000710e00000| 88%| E|  |TAMS 0x0000000710c00000| PB 0x0000000710c00000| Complete |  0
| 113|0x0000000710e00000, 0x0000000711000000, 0x0000000711000000|100%| E|CS|TAMS 0x0000000710e00000| PB 0x0000000710e00000| Complete |  0
| 114|0x0000000711000000, 0x0000000711200000, 0x0000000711200000|100%| E|CS|TAMS 0x0000000711000000| PB 0x0000000711000000| Complete |  0
| 115|0x0000000711200000, 0x0000000711400000, 0x0000000711400000|100%| E|CS|TAMS 0x0000000711200000| PB 0x0000000711200000| Complete |  0
| 116|0x0000000711400000, 0x0000000711600000, 0x0000000711600000|100%| E|CS|TAMS 0x0000000711400000| PB 0x0000000711400000| Complete |  0
| 117|0x0000000711600000, 0x0000000711800000, 0x0000000711800000|100%| E|CS|TAMS 0x0000000711600000| PB 0x0000000711600000| Complete |  0
| 118|0x0000000711800000, 0x0000000711a00000, 0x0000000711a00000|100%| E|CS|TAMS 0x0000000711800000| PB 0x0000000711800000| Complete |  0
| 119|0x0000000711a00000, 0x0000000711c00000, 0x0000000711c00000|100%| E|CS|TAMS 0x0000000711a00000| PB 0x0000000711a00000| Complete |  0
| 120|0x0000000711c00000, 0x0000000711e00000, 0x0000000711e00000|100%| E|CS|TAMS 0x0000000711c00000| PB 0x0000000711c00000| Complete |  0
| 121|0x0000000711e00000, 0x0000000712000000, 0x0000000712000000|100%| E|CS|TAMS 0x0000000711e00000| PB 0x0000000711e00000| Complete |  0
| 122|0x0000000712000000, 0x0000000712200000, 0x0000000712200000|100%| E|CS|TAMS 0x0000000712000000| PB 0x0000000712000000| Complete |  0
| 123|0x0000000712200000, 0x0000000712400000, 0x0000000712400000|100%| E|CS|TAMS 0x0000000712200000| PB 0x0000000712200000| Complete |  0
| 124|0x0000000712400000, 0x0000000712600000, 0x0000000712600000|100%| E|CS|TAMS 0x0000000712400000| PB 0x0000000712400000| Complete |  0
| 125|0x0000000712600000, 0x0000000712800000, 0x0000000712800000|100%| E|CS|TAMS 0x0000000712600000| PB 0x0000000712600000| Complete |  0
| 126|0x0000000712800000, 0x0000000712a00000, 0x0000000712a00000|100%| E|CS|TAMS 0x0000000712800000| PB 0x0000000712800000| Complete |  0
|2025|0x00000007ffe00000, 0x00000007fff1d3c0, 0x0000000800000000| 55%| O|  |TAMS 0x00000007ffe00000| PB 0x00000007ffe00000| Untracked |  0

Card table byte_map: [0x0000022d1db80000,0x0000022d1e370000] _byte_map_base: 0x0000022d1a36a000

Marking Bits: (CMBitMap*) 0x0000022d03c1ec90
 Bits: [0x0000022d1e370000, 0x0000022d222c0000)

Polling page: 0x0000022d038f0000

Metaspace:

Usage:
  Non-class:     16.12 MB used.
      Class:      1.77 MB used.
       Both:     17.89 MB used.

Virtual space:
  Non-class space:       64.00 MB reserved,      16.19 MB ( 25%) committed,  1 nodes.
      Class space:        1.00 GB reserved,       1.88 MB ( <1%) committed,  1 nodes.
             Both:        1.06 GB reserved,      18.06 MB (  2%) committed. 

Chunk freelists:
   Non-Class:  15.00 MB
       Class:  14.06 MB
        Both:  29.06 MB

MaxMetaspaceSize: unlimited
CompressedClassSpaceSize: 1.00 GB
Initial GC threshold: 21.00 MB
Current GC threshold: 21.00 MB
CDS: on
 - commit_granule_bytes: 65536.
 - commit_granule_words: 8192.
 - virtual_space_node_default_size: 8388608.
 - enlarge_chunks_in_place: 1.
UseCompressedClassPointers 1, UseCompactObjectHeaders 0
Narrow klass pointer bits 32, Max shift 3
Narrow klass base: 0x0000022d25000000, Narrow klass shift: 0
Encoding Range: [0x0000022d25000000 - 0x0000022e25000000), (4294967296 bytes)
Klass Range:    [0x0000022d25000000 - 0x0000022d66000000), (1090519040 bytes)
Klass ID Range:  [8 - 1090519033) (1090519025)


Internal statistics:

num_allocs_failed_limit: 0.
num_arena_births: 132.
num_arena_deaths: 0.
num_vsnodes_births: 2.
num_vsnodes_deaths: 0.
num_space_committed: 289.
num_space_uncommitted: 0.
num_chunks_returned_to_freelist: 0.
num_chunks_taken_from_freelist: 324.
num_chunk_merges: 0.
num_chunk_splits: 194.
num_chunks_enlarged: 126.
num_inconsistent_stats: 0.

CodeHeap 'non-profiled nmethods': size=120064Kb used=540Kb max_used=540Kb free=119524Kb
 bounds [0x0000022d15610000, 0x0000022d15880000, 0x0000022d1cb50000]
CodeHeap 'profiled nmethods': size=120000Kb used=2661Kb max_used=2661Kb free=117338Kb
 bounds [0x0000022d0db50000, 0x0000022d0ddf0000, 0x0000022d15080000]
CodeHeap 'non-nmethods': size=5696Kb used=1547Kb max_used=1547Kb free=4149Kb
 bounds [0x0000022d15080000, 0x0000022d152f0000, 0x0000022d15610000]
CodeCache: size=245760Kb, used=4748Kb, max_used=4748Kb, free=241011Kb
 total_blobs=2450, nmethods=1739, adapters=616, full_count=0
Compilation: enabled, stopped_count=0, restarted_count=0

Compilation events (20 events):
Event: 1.092 Thread 0x0000022d24b81e80 nmethod 1618 0x0000022d0ddac908 code [0x0000022d0ddaca40, 0x0000022d0ddacd00]
Event: 1.092 Thread 0x0000022d24b81e80 1620       3       jdk.internal.constant.ConstantUtils::internalNameToDesc (12 bytes)
Event: 1.093 Thread 0x0000022d24b81e80 nmethod 1620 0x0000022d0ddacd88 code [0x0000022d0ddacfe0, 0x0000022d0ddae428]
Event: 1.094 Thread 0x0000022d24b81e80 1624       3       java.lang.classfile.constantpool.MemberRefEntry::type (12 bytes)
Event: 1.095 Thread 0x0000022d24b81e80 nmethod 1624 0x0000022d0ddae508 code [0x0000022d0ddae640, 0x0000022d0ddaeb70]
Event: 1.095 Thread 0x0000022d24b81e80 1628   !   3       javax.swing.UIManager::getLAFState (61 bytes)
Event: 1.095 Thread 0x0000022d24b81e80 nmethod 1628 0x0000022d0ddaec08 code [0x0000022d0ddaedc0, 0x0000022d0ddaf6c0]
Event: 1.096 Thread 0x0000022d24b81e80 1626       3       java.lang.StrictMath::floorOrCeil (128 bytes)
Event: 1.096 Thread 0x0000022d24b81e80 nmethod 1626 0x0000022d0ddaf708 code [0x0000022d0ddaf840, 0x0000022d0ddafc78]
Event: 1.097 Thread 0x0000022d24b81e80 1627       3       java.lang.Math::getExponent (17 bytes)
Event: 1.097 Thread 0x0000022d24b81e80 nmethod 1627 0x0000022d0ddafd08 code [0x0000022d0ddafe20, 0x0000022d0ddaff48]
Event: 1.097 Thread 0x0000022d24b81e80 1623       3       jdk.internal.classfile.impl.AbstractPoolEntry$NameAndTypeEntryImpl::name (8 bytes)
Event: 1.097 Thread 0x0000022d24b81e80 nmethod 1623 0x0000022d0ddb0008 code [0x0000022d0ddb0120, 0x0000022d0ddb0320]
Event: 1.098 Thread 0x0000022d24b81e80 1625   !   3       java.util.ImmutableCollections$ListItr::next (34 bytes)
Event: 1.098 Thread 0x0000022d24b81e80 nmethod 1625 0x0000022d0ddb0388 code [0x0000022d0ddb04c0, 0x0000022d0ddb0750]
Event: 1.099 Thread 0x0000022d24d91900 nmethod 1615 0x0000022d1568f788 code [0x0000022d1568f8a0, 0x0000022d1568fbb8]
Event: 1.099 Thread 0x0000022d24d91900 1629       4       java.util.HashMap::putIfAbsent (13 bytes)
Event: 1.099 Thread 0x0000022d24b81e80 1630       3       javax.swing.UIDefaults::get (21 bytes)
Event: 1.100 Thread 0x0000022d24b81e80 nmethod 1630 0x0000022d0ddb0788 code [0x0000022d0ddb08c0, 0x0000022d0ddb0ab8]
Event: 1.100 Thread 0x0000022d24b81e80 1631   !   3       javax.swing.UIDefaults::getFromHashtable (239 bytes)

GC Heap History (0 events):
No events

Dll operation events (11 events):
Event: 0.012 Loaded shared library C:\Program Files\Java\jdk-24\bin\java.dll
Event: 0.040 Loaded shared library C:\Program Files\Java\jdk-24\bin\jsvml.dll
Event: 0.070 Loaded shared library C:\Program Files\Java\jdk-24\bin\net.dll
Event: 0.072 Loaded shared library C:\Program Files\Java\jdk-24\bin\nio.dll
Event: 0.096 Loaded shared library C:\Program Files\Java\jdk-24\bin\zip.dll
Event: 0.112 Loaded shared library C:\Program Files\Java\jdk-24\bin\jimage.dll
Event: 0.125 Loaded shared library C:\Program Files\Java\jdk-24\bin\awt.dll
Event: 0.257 Loaded shared library C:\Program Files\Java\jdk-24\bin\freetype.dll
Event: 0.258 Loaded shared library C:\Program Files\Java\jdk-24\bin\fontmanager.dll
Event: 0.547 Loaded shared library C:\Program Files\Java\jdk-24\bin\extnet.dll
Event: 0.805 Loaded shared library C:\Program Files\Java\jdk-24\bin\sunmscapi.dll

Deoptimization events (20 events):
Event: 1.060 Thread 0x0000022d24b77ae0 Uncommon trap: trap_request=0xffffffde fr.pc=0x0000022d1567bf18 relative=0x0000000000000178
Event: 1.060 Thread 0x0000022d24b77ae0 Uncommon trap: reason=class_check action=maybe_recompile pc=0x0000022d1567bf18 method=sun.security.util.math.intpoly.IntegerPolynomial.multByInt([JJ)V @ 26 c2
Event: 1.060 Thread 0x0000022d24b77ae0 DEOPT PACKING pc=0x0000022d1567bf18 sp=0x000000da556fdf90
Event: 1.060 Thread 0x0000022d24b77ae0 DEOPT UNPACKING pc=0x0000022d15197e02 sp=0x000000da556fdf30 mode 2
Event: 1.060 Thread 0x0000022d24b77ae0 Uncommon trap: trap_request=0xffffffde fr.pc=0x0000022d1567bf18 relative=0x0000000000000178
Event: 1.060 Thread 0x0000022d24b77ae0 Uncommon trap: reason=class_check action=maybe_recompile pc=0x0000022d1567bf18 method=sun.security.util.math.intpoly.IntegerPolynomial.multByInt([JJ)V @ 26 c2
Event: 1.060 Thread 0x0000022d24b77ae0 DEOPT PACKING pc=0x0000022d1567bf18 sp=0x000000da556fdf90
Event: 1.060 Thread 0x0000022d24b77ae0 DEOPT UNPACKING pc=0x0000022d15197e02 sp=0x000000da556fdf30 mode 2
Event: 1.060 Thread 0x0000022d24b77ae0 Uncommon trap: trap_request=0xffffffde fr.pc=0x0000022d1567bf18 relative=0x0000000000000178
Event: 1.060 Thread 0x0000022d24b77ae0 Uncommon trap: reason=class_check action=maybe_recompile pc=0x0000022d1567bf18 method=sun.security.util.math.intpoly.IntegerPolynomial.multByInt([JJ)V @ 26 c2
Event: 1.060 Thread 0x0000022d24b77ae0 DEOPT PACKING pc=0x0000022d1567bf18 sp=0x000000da556fdf90
Event: 1.061 Thread 0x0000022d24b77ae0 DEOPT UNPACKING pc=0x0000022d15197e02 sp=0x000000da556fdf30 mode 2
Event: 1.061 Thread 0x0000022d24b77ae0 Uncommon trap: trap_request=0xffffffde fr.pc=0x0000022d1567bf18 relative=0x0000000000000178
Event: 1.061 Thread 0x0000022d24b77ae0 Uncommon trap: reason=class_check action=maybe_recompile pc=0x0000022d1567bf18 method=sun.security.util.math.intpoly.IntegerPolynomial.multByInt([JJ)V @ 26 c2
Event: 1.061 Thread 0x0000022d24b77ae0 DEOPT PACKING pc=0x0000022d1567bf18 sp=0x000000da556fdf90
Event: 1.061 Thread 0x0000022d24b77ae0 DEOPT UNPACKING pc=0x0000022d15197e02 sp=0x000000da556fdf30 mode 2
Event: 1.073 Thread 0x0000022d24b77ae0 Uncommon trap: trap_request=0xffffffde fr.pc=0x0000022d15641ba4 relative=0x0000000000000944
Event: 1.073 Thread 0x0000022d24b77ae0 Uncommon trap: reason=class_check action=maybe_recompile pc=0x0000022d15641ba4 method=java.util.HashMap.putVal(ILjava/lang/Object;Ljava/lang/Object;ZZ)Ljava/lang/Object; @ 253 c2
Event: 1.073 Thread 0x0000022d24b77ae0 DEOPT PACKING pc=0x0000022d15641ba4 sp=0x000000da556fe180
Event: 1.073 Thread 0x0000022d24b77ae0 DEOPT UNPACKING pc=0x0000022d15197e02 sp=0x000000da556fe098 mode 2

Classes loaded (20 events):
Event: 1.099 Loading class javax/swing/text/Document done
Event: 1.099 Loading class javax/swing/Timer
Event: 1.100 Loading class javax/swing/Timer done
Event: 1.100 Loading class javax/swing/Timer$DoPostEvent
Event: 1.100 Loading class javax/swing/Timer$DoPostEvent done
Event: 1.100 Loading class javax/swing/plaf/basic/BasicTextUI$BasicHighlighter
Event: 1.100 Loading class javax/swing/text/DefaultHighlighter
Event: 1.100 Loading class javax/swing/text/LayeredHighlighter
Event: 1.100 Loading class javax/swing/text/Highlighter
Event: 1.100 Loading class javax/swing/text/Highlighter done
Event: 1.100 Loading class javax/swing/text/LayeredHighlighter done
Event: 1.100 Loading class javax/swing/text/DefaultHighlighter done
Event: 1.100 Loading class javax/swing/plaf/basic/BasicTextUI$BasicHighlighter done
Event: 1.100 Loading class javax/swing/text/Highlighter$Highlight
Event: 1.100 Loading class javax/swing/text/Highlighter$Highlight done
Event: 1.100 Loading class javax/swing/text/DefaultHighlighter$DefaultHighlightPainter
Event: 1.100 Loading class javax/swing/text/LayeredHighlighter$LayerPainter
Event: 1.100 Loading class javax/swing/text/Highlighter$HighlightPainter
Event: 1.100 Loading class javax/swing/text/Highlighter$HighlightPainter done
Event: 1.100 Loading class javax/swing/text/LayeredHighlighter$LayerPainter done

Classes unloaded (0 events):
No events

Classes redefined (0 events):
No events

Internal exceptions (20 events):
Event: 0.321 Thread 0x0000022d0369dae0 Exception <a 'java/lang/ClassNotFoundException'{0x00000007121724f0}: com/sun/swing/internal/plaf/basic/resources/spi/basicProvider> (0x00000007121724f0) 
thrown [s\open\src\hotspot\share\classfile\systemDictionary.cpp, line 327]
Event: 0.347 Thread 0x0000022d24b77ae0 Exception <a 'java/lang/ClassNotFoundException'{0x0000000711e3dad8}: com/sun/swing/internal/plaf/synth/resources/spi/synthProvider> (0x0000000711e3dad8) 
thrown [s\open\src\hotspot\share\classfile\systemDictionary.cpp, line 327]
Event: 0.368 Thread 0x0000022d24b77ae0 Exception <a 'java/lang/NoSuchMethodError'{0x0000000711e8a490}: 'int java.lang.invoke.Invokers$Holder.invokeExact_MT(java.lang.Object, java.lang.Object)'> (0x0000000711e8a490) 
thrown [s\open\src\hotspot\share\interpreter\linkResolver.cpp, line 805]
Event: 0.384 Thread 0x0000022d24b77ae0 Exception <a 'java/lang/NoSuchMethodError'{0x0000000711ec04d8}: 'void java.lang.invoke.DirectMethodHandle$Holder.invokeStatic(java.lang.Object, java.lang.Object)'> (0x0000000711ec04d8) 
thrown [s\open\src\hotspot\share\interpreter\linkResolver.cpp, line 805]
Event: 0.409 Thread 0x0000022d24b77ae0 Exception <a 'java/lang/NoSuchMethodError'{0x0000000711c56778}: 'java.lang.Object java.lang.invoke.DirectMethodHandle$Holder.invokeInterface(java.lang.Object, java.lang.Object)'> (0x0000000711c56778) 
thrown [s\open\src\hotspot\share\interpreter\linkResolver.cpp, line 805]
Event: 0.447 Thread 0x0000022d24b77ae0 Exception <a 'java/lang/NoSuchMethodError'{0x0000000711b11e90}: 'void java.lang.invoke.DirectMethodHandle$Holder.invokeStatic(java.lang.Object, java.lang.Object, java.lang.Object)'> (0x0000000711b11e90) 
thrown [s\open\src\hotspot\share\interpreter\linkResolver.cpp, line 805]
Event: 0.450 Thread 0x0000022d24b77ae0 Exception <a 'java/lang/NoSuchMethodError'{0x0000000711b298e0}: 'java.lang.Object java.lang.invoke.DirectMethodHandle$Holder.invokeVirtual(java.lang.Object, java.lang.Object, java.lang.Object)'> (0x0000000711b298e0) 
thrown [s\open\src\hotspot\share\interpreter\linkResolver.cpp, line 805]
Event: 0.641 Thread 0x0000022d24b77ae0 Exception <a 'java/lang/NoSuchMethodError'{0x000000071155e0e8}: 'void java.lang.invoke.DirectMethodHandle$Holder.invokeStaticInit(java.lang.Object, java.lang.Object)'> (0x000000071155e0e8) 
thrown [s\open\src\hotspot\share\interpreter\linkResolver.cpp, line 805]
Event: 0.720 Thread 0x0000022d24b77ae0 Exception <a 'sun/nio/fs/WindowsException'{0x00000007112b11c8}> (0x00000007112b11c8) 
thrown [s\open\src\hotspot\share\prims\jni.cpp, line 518]
Event: 0.760 Thread 0x0000022d24b77ae0 Exception <a 'java/lang/NoSuchMethodError'{0x000000071135a560}: 'java.lang.Object java.lang.invoke.DirectMethodHandle$Holder.invokeStaticInit(java.lang.Object, int, int, int, int)'> (0x000000071135a560) 
thrown [s\open\src\hotspot\share\interpreter\linkResolver.cpp, line 805]
Event: 0.785 Thread 0x0000022d24b77ae0 Exception <a 'java/lang/NoSuchMethodError'{0x0000000711028640}: 'java.lang.Object java.lang.invoke.DirectMethodHandle$Holder.invokeStaticInit(java.lang.Object, java.lang.Object, int, int, int, int)'> (0x0000000711028640) 
thrown [s\open\src\hotspot\share\interpreter\linkResolver.cpp, line 805]
Event: 0.834 Thread 0x0000022d24b77ae0 Exception <a 'java/lang/NoSuchMethodError'{0x00000007110da9a0}: 'int java.lang.invoke.DirectMethodHandle$Holder.invokeSpecial(java.lang.Object, java.lang.Object, java.lang.Object)'> (0x00000007110da9a0) 
thrown [s\open\src\hotspot\share\interpreter\linkResolver.cpp, line 805]
Event: 0.940 Thread 0x0000022d24b77ae0 Exception <a 'java/lang/NoSuchMethodError'{0x0000000711151de8}: 'void java.lang.invoke.DirectMethodHandle$Holder.invokeVirtual(java.lang.Object, java.lang.Object)'> (0x0000000711151de8) 
thrown [s\open\src\hotspot\share\interpreter\linkResolver.cpp, line 805]
Event: 0.987 Thread 0x0000022d24b77ae0 Exception <a 'java/lang/NoSuchMethodError'{0x0000000710e1acb0}: 'java.lang.Object java.lang.invoke.Invokers$Holder.invoke_MT(java.lang.Object, java.lang.Object, java.lang.Object, java.lang.Object, java.lang.Object, java.lang.Object)'> (0x0000000710e1acb0) 
thrown [s\open\src\hotspot\share\interpreter\linkResolver.cpp, line 805]
Event: 0.988 Thread 0x0000022d24b77ae0 Exception <a 'java/lang/NoSuchMethodError'{0x0000000710e23980}: 'java.lang.Object java.lang.invoke.DirectMethodHandle$Holder.invokeStatic(java.lang.Object, java.lang.Object, int)'> (0x0000000710e23980) 
thrown [s\open\src\hotspot\share\interpreter\linkResolver.cpp, line 805]
Event: 0.991 Thread 0x0000022d24b77ae0 Exception <a 'java/lang/NoSuchMethodError'{0x0000000710e45290}: 'void java.lang.invoke.DelegatingMethodHandle$Holder.delegate(java.lang.Object, java.lang.Object, int, java.lang.Object)'> (0x0000000710e45290) 
thrown [s\open\src\hotspot\share\interpreter\linkResolver.cpp, line 805]
Event: 1.026 Thread 0x0000022d24b77ae0 Exception <a 'java/lang/NoSuchMethodError'{0x0000000710f4f1e0}: 'void java.lang.invoke.DirectMethodHandle$Holder.invokeStatic(java.lang.Object, java.lang.Object, java.lang.Object, java.lang.Object)'> (0x0000000710f4f1e0) 
thrown [s\open\src\hotspot\share\interpreter\linkResolver.cpp, line 805]
Event: 1.048 Thread 0x0000022d24b77ae0 Exception <a 'java/lang/NoSuchMethodError'{0x0000000710feb0b0}: 'void java.lang.invoke.DirectMethodHandle$Holder.invokeInterface(java.lang.Object, java.lang.Object, java.lang.Object, java.lang.Object)'> (0x0000000710feb0b0) 
thrown [s\open\src\hotspot\share\interpreter\linkResolver.cpp, line 805]
Event: 1.088 Thread 0x0000022d24b77ae0 Exception <a 'java/lang/NoSuchMethodError'{0x0000000710c8e460}: 'java.lang.Object java.lang.invoke.DirectMethodHandle$Holder.newInvokeSpecial(java.lang.Object, java.lang.Object, int)'> (0x0000000710c8e460) 
thrown [s\open\src\hotspot\share\interpreter\linkResolver.cpp, line 805]
Event: 1.091 Thread 0x0000022d24b77ae0 Exception <a 'java/lang/NoSuchMethodError'{0x0000000710ca6c28}: 'java.lang.Object java.lang.invoke.DirectMethodHandle$Holder.invokeStatic(java.lang.Object, java.lang.Object, java.lang.Object, java.lang.Object, int)'> (0x0000000710ca6c28) 
thrown [s\open\src\hotspot\share\interpreter\linkResolver.cpp, line 805]

VM Operations (14 events):
Event: 0.076 Executing VM operation: HandshakeAllThreads (Deoptimize)
Event: 0.076 Executing VM operation: HandshakeAllThreads (Deoptimize) done
Event: 0.388 Executing VM operation: HandshakeAllThreads (Deoptimize)
Event: 0.388 Executing VM operation: HandshakeAllThreads (Deoptimize) done
Event: 0.534 Executing VM operation: HandshakeAllThreads (Deoptimize)
Event: 0.534 Executing VM operation: HandshakeAllThreads (Deoptimize) done
Event: 0.726 Executing VM operation: HandshakeAllThreads (Deoptimize)
Event: 0.726 Executing VM operation: HandshakeAllThreads (Deoptimize) done
Event: 0.954 Executing VM operation: HandshakeAllThreads (Deoptimize)
Event: 0.954 Executing VM operation: HandshakeAllThreads (Deoptimize) done
Event: 0.990 Executing VM operation: HandshakeAllThreads (Deoptimize)
Event: 0.990 Executing VM operation: HandshakeAllThreads (Deoptimize) done
Event: 0.995 Executing VM operation: HandshakeAllThreads (Deoptimize)
Event: 0.995 Executing VM operation: HandshakeAllThreads (Deoptimize) done

Memory protections (0 events):
No events

Nmethod flushes (0 events):
No events

Events (19 events):
Event: 0.026 Thread 0x0000022d0369dae0 Thread added: 0x0000022d0369dae0
Event: 0.037 Thread 0x0000022d0369dae0 Thread added: 0x0000022d24b64030
Event: 0.037 Thread 0x0000022d0369dae0 Thread added: 0x0000022d24b66c70
Event: 0.037 Thread 0x0000022d0369dae0 Thread added: 0x0000022d24b6b7c0
Event: 0.037 Thread 0x0000022d0369dae0 Thread added: 0x0000022d24b6c550
Event: 0.037 Thread 0x0000022d0369dae0 Thread added: 0x0000022d24b6d1b0
Event: 0.038 Thread 0x0000022d0369dae0 Thread added: 0x0000022d24b790d0
Event: 0.038 Thread 0x0000022d0369dae0 Thread added: 0x0000022d24b6ea10
Event: 0.038 Thread 0x0000022d0369dae0 Thread added: 0x0000022d24b81e80
Event: 0.058 Thread 0x0000022d0369dae0 Thread added: 0x0000022d24b78980
Event: 0.087 Thread 0x0000022d0369dae0 Thread added: 0x0000022d24b79820
Event: 0.093 Thread 0x0000022d24b81e80 Thread added: 0x0000022d24d91900
Event: 0.169 Thread 0x0000022d0369dae0 Thread added: 0x0000022d24b79f70
Event: 0.170 Thread 0x0000022d0369dae0 Thread added: 0x0000022d24b7a6c0
Event: 0.170 Thread 0x0000022d0369dae0 Thread added: 0x0000022d24b77390
Event: 0.334 Thread 0x0000022d0369dae0 Thread added: 0x0000022d24b77ae0
Event: 0.334 Thread 0x0000022d0369dae0 Thread exited: 0x0000022d0369dae0
Event: 0.334 Thread 0x0000022d24b78230 Thread added: 0x0000022d24b78230
Event: 0.385 Thread 0x0000022d24b77ae0 Thread added: 0x0000022d6a6804c0


Dynamic libraries:
0x00007ff625610000 - 0x00007ff625620000 	C:\Program Files\Java\jdk-24\bin\java.exe
0x00007ffc139a0000 - 0x00007ffc13c09000 	C:\WINDOWS\SYSTEM32\ntdll.dll
0x00007ffc11cc0000 - 0x00007ffc11d89000 	C:\WINDOWS\System32\KERNEL32.DLL
0x00007ffc11070000 - 0x00007ffc11463000 	C:\WINDOWS\System32\KERNELBASE.dll
0x00007ffc11470000 - 0x00007ffc115bb000 	C:\WINDOWS\System32\ucrtbase.dll
0x00007ffc0a3b0000 - 0x00007ffc0a3c6000 	C:\Program Files\Java\jdk-24\bin\jli.dll
0x00007ffbff150000 - 0x00007ffbff16b000 	C:\Program Files\Java\jdk-24\bin\VCRUNTIME140.dll
0x00007ffc12bf0000 - 0x00007ffc12db4000 	C:\WINDOWS\System32\USER32.dll
0x00007ffbf5dd0000 - 0x00007ffbf6063000 	C:\WINDOWS\WinSxS\amd64_microsoft.windows.common-controls_6595b64144ccf1df_6.0.26100.5074_none_3e0d6f78e32fd63f\COMCTL32.dll
0x00007ffc11740000 - 0x00007ffc11767000 	C:\WINDOWS\System32\win32u.dll
0x00007ffc12f50000 - 0x00007ffc12ff9000 	C:\WINDOWS\System32\msvcrt.dll
0x00007ffc13930000 - 0x00007ffc1395b000 	C:\WINDOWS\System32\GDI32.dll
0x00007ffc10b30000 - 0x00007ffc10c5d000 	C:\WINDOWS\System32\gdi32full.dll
0x00007ffc10e60000 - 0x00007ffc10f03000 	C:\WINDOWS\System32\msvcp_win.dll
0x00007ffc12500000 - 0x00007ffc1252f000 	C:\WINDOWS\System32\IMM32.DLL
0x00007ffc0a380000 - 0x00007ffc0a38c000 	C:\Program Files\Java\jdk-24\bin\vcruntime140_1.dll
0x00007ffbfe5e0000 - 0x00007ffbfe66e000 	C:\Program Files\Java\jdk-24\bin\msvcp140.dll
0x00007ffb34880000 - 0x00007ffb35622000 	C:\Program Files\Java\jdk-24\bin\server\jvm.dll
0x00007ffc11780000 - 0x00007ffc11834000 	C:\WINDOWS\System32\ADVAPI32.dll
0x00007ffc12ea0000 - 0x00007ffc12f46000 	C:\WINDOWS\System32\sechost.dll
0x00007ffc120b0000 - 0x00007ffc121c8000 	C:\WINDOWS\System32\RPCRT4.dll
0x00007ffc11840000 - 0x00007ffc118b4000 	C:\WINDOWS\System32\WS2_32.dll
0x00007ffc109b0000 - 0x00007ffc10a0e000 	C:\WINDOWS\SYSTEM32\POWRPROF.dll
0x00007ffbf87c0000 - 0x00007ffbf87f5000 	C:\WINDOWS\SYSTEM32\WINMM.dll
0x00007ffc0b550000 - 0x00007ffc0b55b000 	C:\WINDOWS\SYSTEM32\VERSION.dll
0x00007ffc10990000 - 0x00007ffc109a4000 	C:\WINDOWS\SYSTEM32\UMPDC.dll
0x00007ffc0f8d0000 - 0x00007ffc0f8eb000 	C:\WINDOWS\SYSTEM32\kernel.appcore.dll
0x00007ffbff380000 - 0x00007ffbff38a000 	C:\Program Files\Java\jdk-24\bin\jimage.dll
0x00007ffbf6370000 - 0x00007ffbf65b2000 	C:\WINDOWS\SYSTEM32\DBGHELP.DLL
0x00007ffc11940000 - 0x00007ffc11cbb000 	C:\WINDOWS\System32\combase.dll
0x00007ffc12dc0000 - 0x00007ffc12e97000 	C:\WINDOWS\System32\OLEAUT32.dll
0x00007ffbf5770000 - 0x00007ffbf57ad000 	C:\WINDOWS\SYSTEM32\dbgcore.DLL
0x00007ffc10f10000 - 0x00007ffc10fa9000 	C:\WINDOWS\System32\bcryptPrimitives.dll
0x00007ffbff060000 - 0x00007ffbff07e000 	C:\Program Files\Java\jdk-24\bin\java.dll
0x00007ffc12350000 - 0x00007ffc124e8000 	C:\WINDOWS\System32\ole32.dll
0x00007ffc131e0000 - 0x00007ffc1392d000 	C:\WINDOWS\System32\SHELL32.dll
0x00007ffc10cf0000 - 0x00007ffc10e5c000 	C:\WINDOWS\System32\wintypes.dll
0x00007ffc0e770000 - 0x00007ffc0efc9000 	C:\WINDOWS\SYSTEM32\windows.storage.dll
0x00007ffc121d0000 - 0x00007ffc122c0000 	C:\WINDOWS\System32\SHCORE.dll
0x00007ffc12030000 - 0x00007ffc12092000 	C:\WINDOWS\System32\shlwapi.dll
0x00007ffc10a50000 - 0x00007ffc10a79000 	C:\WINDOWS\SYSTEM32\profapi.dll
0x00007ffbfe670000 - 0x00007ffbfe747000 	C:\Program Files\Java\jdk-24\bin\jsvml.dll
0x00007ffbfef00000 - 0x00007ffbfef10000 	C:\Program Files\Java\jdk-24\bin\net.dll
0x00007ffc0fe40000 - 0x00007ffc0feab000 	C:\WINDOWS\system32\mswsock.dll
0x00007ffbfeeb0000 - 0x00007ffbfeec6000 	C:\Program Files\Java\jdk-24\bin\nio.dll
0x00007ffbfed10000 - 0x00007ffbfed27000 	C:\Program Files\Java\jdk-24\bin\zip.dll
0x00007ffbd53b0000 - 0x00007ffbd552f000 	C:\Program Files\Java\jdk-24\bin\awt.dll
0x00007ffc0dc20000 - 0x00007ffc0dcbe000 	C:\WINDOWS\SYSTEM32\apphelp.dll
0x00007ffc0de40000 - 0x00007ffc0dee8000 	C:\WINDOWS\system32\uxtheme.dll
0x00007ffc11d90000 - 0x00007ffc11ee8000 	C:\WINDOWS\System32\MSCTF.dll
0x00007ffc0e2f0000 - 0x00007ffc0e31b000 	C:\WINDOWS\system32\DWMAPI.DLL
0x00007ffbfe550000 - 0x00007ffbfe5d7000 	C:\Program Files\Java\jdk-24\bin\freetype.dll
0x00007ffbea450000 - 0x00007ffbea527000 	C:\Program Files\Java\jdk-24\bin\fontmanager.dll
0x00007ffbf88d0000 - 0x00007ffbf89dc000 	C:\WINDOWS\system32\opengl32.dll
0x00007ffbfb4f0000 - 0x00007ffbfb51d000 	C:\WINDOWS\SYSTEM32\GLU32.dll
0x00007ffc0df40000 - 0x00007ffc0df84000 	C:\WINDOWS\SYSTEM32\dxcore.dll
0x00007ffc0f310000 - 0x00007ffc0f436000 	C:\WINDOWS\SYSTEM32\DNSAPI.dll
0x00007ffc0f2d0000 - 0x00007ffc0f304000 	C:\WINDOWS\SYSTEM32\IPHLPAPI.DLL
0x00007ffc120a0000 - 0x00007ffc120aa000 	C:\WINDOWS\System32\NSI.dll
0x00007ffc09d40000 - 0x00007ffc09d4b000 	C:\Windows\System32\rasadhlp.dll
0x00007ffc07310000 - 0x00007ffc07396000 	C:\WINDOWS\System32\fwpuclnt.dll
0x00007ffbfee40000 - 0x00007ffbfee49000 	C:\Program Files\Java\jdk-24\bin\extnet.dll
0x00007ffc10110000 - 0x00007ffc1012b000 	C:\WINDOWS\SYSTEM32\CRYPTSP.dll
0x00007ffc0f830000 - 0x00007ffc0f86b000 	C:\WINDOWS\system32\rsaenh.dll
0x00007ffc0fee0000 - 0x00007ffc0ff0b000 	C:\WINDOWS\SYSTEM32\USERENV.dll
0x00007ffc10a20000 - 0x00007ffc10a46000 	C:\WINDOWS\SYSTEM32\bcrypt.dll
0x00007ffc10130000 - 0x00007ffc1013c000 	C:\WINDOWS\SYSTEM32\CRYPTBASE.dll
0x00007ffbfeee0000 - 0x00007ffbfeeee000 	C:\Program Files\Java\jdk-24\bin\sunmscapi.dll
0x00007ffc115c0000 - 0x00007ffc11737000 	C:\WINDOWS\System32\CRYPT32.dll
0x00007ffc10350000 - 0x00007ffc10380000 	C:\WINDOWS\SYSTEM32\ncrypt.dll
0x00007ffc10300000 - 0x00007ffc1033f000 	C:\WINDOWS\SYSTEM32\NTASN1.dll

dbghelp: loaded successfully - version: 4.0.5 - missing functions: none
symbol engine: initialized successfully - sym options: 0x614 - pdb path: .;C:\Program Files\Java\jdk-24\bin;C:\WINDOWS\SYSTEM32;C:\WINDOWS\WinSxS\amd64_microsoft.windows.common-controls_6595b64144ccf1df_6.0.26100.5074_none_3e0d6f78e32fd63f;C:\Program Files\Java\jdk-24\bin\server

VM Arguments:
jvm_args: -Dfile.encoding=UTF-8 --module-path=C:\Users\Parametrización\Documents\NetBeansProjects\Gestor_Ropa\build\classes 
java_command: GUI.Ventas
java_class_path (initial): D:\mysql-connector-j-9.3.0\mysql-connector-j-9.3.0.jar;C:\Users\Parametrización\Documents\NetBeansProjects\Gestor_Ropa\build\classes
Launcher Type: SUN_STANDARD

[Global flags]
     intx CICompilerCount                          = 3                                         {product} {ergonomic}
     uint ConcGCThreads                            = 2                                         {product} {ergonomic}
     uint G1ConcRefinementThreads                  = 6                                         {product} {ergonomic}
   size_t G1HeapRegionSize                         = 2097152                                   {product} {ergonomic}
   size_t InitialHeapSize                          = 266338304                                 {product} {ergonomic}
   size_t MarkStackSize                            = 4194304                                   {product} {ergonomic}
   size_t MarkStackSizeMax                         = 536870912                                 {product} {ergonomic}
   size_t MaxHeapSize                              = 4248829952                                {product} {ergonomic}
   size_t MaxNewSize                               = 2548039680                                {product} {ergonomic}
   size_t MinHeapDeltaBytes                        = 2097152                                   {product} {ergonomic}
   size_t MinHeapSize                              = 8388608                                   {product} {ergonomic}
    uintx NonNMethodCodeHeapSize                   = 5832704                                {pd product} {ergonomic}
    uintx NonProfiledCodeHeapSize                  = 122945536                              {pd product} {ergonomic}
    uintx ProfiledCodeHeapSize                     = 122880000                              {pd product} {ergonomic}
    uintx ReservedCodeCacheSize                    = 251658240                              {pd product} {ergonomic}
     bool SegmentedCodeCache                       = true                                      {product} {ergonomic}
   size_t SoftMaxHeapSize                          = 4248829952                             {manageable} {ergonomic}
     bool UseCompressedOops                        = true                           {product lp64_product} {ergonomic}
     bool UseG1GC                                  = true                                      {product} {ergonomic}
     bool UseLargePagesIndividualAllocation        = false                                  {pd product} {ergonomic}

Logging:
Log output configuration:
 #0: stdout all=warning uptime,level,tags foldmultilines=false
 #1: stderr all=off uptime,level,tags foldmultilines=false

Environment Variables:
PATH=C:\Program Files\Common Files\Oracle\Java\javapath;C:\WINDOWS\system32;C:\WINDOWS;C:\WINDOWS\System32\Wbem;C:\WINDOWS\System32\WindowsPowerShell\v1.0\;C:\WINDOWS\System32\OpenSSH\;C:\Program Files\Git\cmd;C:\Users\Parametrización\AppData\Local\Microsoft\WindowsApps;C:\Users\Parametrización\AppData\Local\Programs\Microsoft VS Code\bin;
USERNAME=Parametrización
OS=Windows_NT
PROCESSOR_IDENTIFIER=Intel64 Family 6 Model 158 Stepping 10, GenuineIntel
TMP=C:\Users\PARAME~1\AppData\Local\Temp
TEMP=C:\Users\PARAME~1\AppData\Local\Temp




Periodic native trim disabled

---------------  S Y S T E M  ---------------

OS:
 Windows 11 , 64 bit Build 26100 (10.0.26100.5074)
OS uptime: 3 days 0:43 hours
Hyper-V role detected

CPU: total 6 (initial active 6) (6 cores per cpu, 1 threads per core) family 6 model 158 stepping 10 microcode 0xf0, cx8, cmov, fxsr, mmx, 3dnowpref, sse, sse2, sse3, ssse3, sse4.1, sse4.2, popcnt, lzcnt, tsc, tscinvbit, avx, avx2, aes, erms, clmul, bmi1, bmi2, adx, fma, vzeroupper, clflush, clflushopt, hv, rdtscp, f16c
Processor Information for the first 6 processors :
  Max Mhz: 1704, Current Mhz: 1704, Mhz Limit: 1704

Memory: 4k page, system-wide physical 16207M (4866M free)
TotalPageFile size 18255M (AvailPageFile size 13M)
current process WorkingSet (physical memory assigned to process): 113M, peak: 113M
current process commit charge ("private bytes"): 375M, peak: 381M

vm_info: Java HotSpot(TM) 64-Bit Server VM (24+36-3646) for windows-amd64 JRE (24+36-3646), built on 2025-02-06T00:20:43Z with MS VC++ 17.6 (VS2022)

END.
