#
# There is insufficient memory for the Java Runtime Environment to continue.
# Native memory allocation (malloc) failed to allocate 1449360 bytes. Error detail: Chunk::new
# Possible reasons:
#   The system is out of physical RAM or swap space
#   This process is running with CompressedOops enabled, and the Java Heap may be blocking the growth of the native heap
# Possible solutions:
#   Reduce memory load on the system
#   Increase physical memory or swap space
#   Check if swap backing store is full
#   Decrease Java heap size (-Xmx/-Xms)
#   Decrease number of Java threads
#   Decrease Java thread stack sizes (-Xss)
#   Set larger code cache with -XX:ReservedCodeCacheSize=
#   JVM is running with Zero Based Compressed Oops mode in which the Java heap is
#     placed in the first 32GB address space. The Java Heap base address is the
#     maximum limit for the native heap growth. Please use -XX:HeapBaseMinAddress
#     to set the Java Heap base and to place the Java Heap above 32GB virtual address.
# This output file may be truncated or incomplete.
#
#  Out of Memory Error (arena.cpp:162), pid=10088, tid=11324
#
# JRE version: Java(TM) SE Runtime Environment (24.0+36) (build 24+36-3646)
# Java VM: Java HotSpot(TM) 64-Bit Server VM (24+36-3646, mixed mode, sharing, tiered, compressed oops, compressed class ptrs, g1 gc, windows-amd64)
# No core dump will be written. Minidumps are not enabled by default on client versions of Windows
#

---------------  S U M M A R Y ------------

Command Line: -Dfile.encoding=UTF-8 --module-path=C:\Users\Parametrización\Documents\NetBeansProjects\Gestor_Ropa\build\classes GUI.Ventas

Host: Intel(R) Core(TM) i5-8400T CPU @ 1.70GHz, 6 cores, 15G,  Windows 11 , 64 bit Build 26100 (10.0.26100.4768)
Time: Fri Aug 29 15:53:54 2025 Hora est. Pacífico, Sudamérica elapsed time: 0.400037 seconds (0d 0h 0m 0s)

---------------  T H R E A D  ---------------

Current thread (0x000001cfe0ac3740):  JavaThread "C2 CompilerThread1" daemon [_thread_in_native, id=11324, stack(0x0000000ed0600000,0x0000000ed0700000) (1024K)]


Current CompileTask:
C2:400  700       4       java.util.HashMap::put (13 bytes)

Stack: [0x0000000ed0600000,0x0000000ed0700000]
Native frames: (J=compiled Java code, j=interpreted, Vv=VM code, C=native code)
V  [jvm.dll+0x7308c9]  (no source info available)
V  [jvm.dll+0x8d9ca3]  (no source info available)
V  [jvm.dll+0x8dc13d]  (no source info available)
V  [jvm.dll+0x8dc7b3]  (no source info available)
V  [jvm.dll+0x2aa046]  (no source info available)
V  [jvm.dll+0xced8f]  (no source info available)
V  [jvm.dll+0xcefef]  (no source info available)
V  [jvm.dll+0x154d23]  (no source info available)
V  [jvm.dll+0x7360ef]  (no source info available)
V  [jvm.dll+0x26f9dc]  (no source info available)
V  [jvm.dll+0x26e9ff]  (no source info available)
V  [jvm.dll+0x1e9d00]  (no source info available)
V  [jvm.dll+0x27e1bb]  (no source info available)
V  [jvm.dll+0x27c45a]  (no source info available)
V  [jvm.dll+0x42f566]  (no source info available)
V  [jvm.dll+0x87d8fb]  (no source info available)
V  [jvm.dll+0x72efe5]  (no source info available)
C  [ucrtbase.dll+0x37b0]  (no source info available)
C  [KERNEL32.DLL+0x2e8d7]  (no source info available)
C  [ntdll.dll+0x3c34c]  (no source info available)

Lock stack of current Java thread (top to bottom):


---------------  P R O C E S S  ---------------

Threads class SMR info:
_java_thread_list=0x000001d02644e810, length=17, elements={
0x000001cfe08e9690, 0x000001cfe08ea1c0, 0x000001cfe08eacf0, 0x000001cfe08eb820,
0x000001cfe08edf00, 0x000001cfe08ef1d0, 0x000001cfe08f3c90, 0x000001cfe0909ff0,
0x000001cfe09879e0, 0x000001cfe0a94cd0, 0x000001cfe0ac3740, 0x000001d026425770,
0x000001d0262fdf90, 0x000001d0262ff6e0, 0x000001d0264a24d0, 0x000001cfbf41e020,
0x000001d026497280
}

Java Threads: ( => current thread )
  0x000001cfe08e9690 JavaThread "Reference Handler"          daemon [_thread_blocked, id=22084, stack(0x0000000ecfc00000,0x0000000ecfd00000) (1024K)]
  0x000001cfe08ea1c0 JavaThread "Finalizer"                  daemon [_thread_blocked, id=23064, stack(0x0000000ecfd00000,0x0000000ecfe00000) (1024K)]
  0x000001cfe08eacf0 JavaThread "Signal Dispatcher"          daemon [_thread_blocked, id=12816, stack(0x0000000ecfe00000,0x0000000ecff00000) (1024K)]
  0x000001cfe08eb820 JavaThread "Attach Listener"            daemon [_thread_blocked, id=3840, stack(0x0000000ecff00000,0x0000000ed0000000) (1024K)]
  0x000001cfe08edf00 JavaThread "Service Thread"             daemon [_thread_blocked, id=15292, stack(0x0000000ed0000000,0x0000000ed0100000) (1024K)]
  0x000001cfe08ef1d0 JavaThread "Monitor Deflation Thread"   daemon [_thread_blocked, id=3240, stack(0x0000000ed0100000,0x0000000ed0200000) (1024K)]
  0x000001cfe08f3c90 JavaThread "C2 CompilerThread0"         daemon [_thread_in_native, id=7984, stack(0x0000000ed0200000,0x0000000ed0300000) (1024K)]
  0x000001cfe0909ff0 JavaThread "C1 CompilerThread0"         daemon [_thread_in_native, id=19872, stack(0x0000000ed0300000,0x0000000ed0400000) (1024K)]
  0x000001cfe09879e0 JavaThread "Common-Cleaner"             daemon [_thread_blocked, id=2476, stack(0x0000000ed0400000,0x0000000ed0500000) (1024K)]
  0x000001cfe0a94cd0 JavaThread "Notification Thread"        daemon [_thread_blocked, id=3044, stack(0x0000000ed0500000,0x0000000ed0600000) (1024K)]
=>0x000001cfe0ac3740 JavaThread "C2 CompilerThread1"         daemon [_thread_in_native, id=11324, stack(0x0000000ed0600000,0x0000000ed0700000) (1024K)]
  0x000001d026425770 JavaThread "Java2D Disposer"            daemon [_thread_blocked, id=22024, stack(0x0000000ed0700000,0x0000000ed0800000) (1024K)]
  0x000001d0262fdf90 JavaThread "AWT-Shutdown"                      [_thread_blocked, id=1672, stack(0x0000000ed0800000,0x0000000ed0900000) (1024K)]
  0x000001d0262ff6e0 JavaThread "AWT-Windows"                daemon [_thread_in_native, id=12060, stack(0x0000000ed0900000,0x0000000ed0a00000) (1024K)]
  0x000001d0264a24d0 JavaThread "AWT-EventQueue-0"                  [_thread_in_Java, id=17632, stack(0x0000000ed0a00000,0x0000000ed0b00000) (1024K)]
  0x000001cfbf41e020 JavaThread "DestroyJavaVM"                     [_thread_blocked, id=8144, stack(0x0000000ecf400000,0x0000000ecf500000) (1024K)]
  0x000001d026497280 JavaThread "mysql-cj-abandoned-connection-cleanup" daemon [_thread_blocked, id=21344, stack(0x0000000ed0b00000,0x0000000ed0c00000) (1024K)]
Total: 17

Other Threads:
  0x000001cfe08d7f50 VMThread "VM Thread"                           [id=5544, stack(0x0000000ecfb00000,0x0000000ecfc00000) (1024K)]
  0x000001cfe07a0fd0 WatcherThread "VM Periodic Task Thread"        [id=3488, stack(0x0000000ecfa00000,0x0000000ecfb00000) (1024K)]
  0x000001cfbf99f930 WorkerThread "GC Thread#0"                     [id=7544, stack(0x0000000ecf500000,0x0000000ecf600000) (1024K)]
  0x000001cfbf9b4730 ConcurrentGCThread "G1 Main Marker"            [id=22004, stack(0x0000000ecf600000,0x0000000ecf700000) (1024K)]
  0x000001cfbf9b6f40 WorkerThread "G1 Conc#0"                       [id=15664, stack(0x0000000ecf700000,0x0000000ecf800000) (1024K)]
  0x000001cfbf9fe3e0 ConcurrentGCThread "G1 Refine#0"               [id=15080, stack(0x0000000ecf800000,0x0000000ecf900000) (1024K)]
  0x000001cfe0784580 ConcurrentGCThread "G1 Service"                [id=16924, stack(0x0000000ecf900000,0x0000000ecfa00000) (1024K)]
Total: 7

Threads with active compile tasks:
C2 CompilerThread0  477  789       4       java.util.Properties::loadConvert (540 bytes)
C1 CompilerThread0  477  828       3       java.math.BigInteger::shiftLeft (48 bytes)
C2 CompilerThread1  477  700       4       java.util.HashMap::put (13 bytes)
Total: 3

VM state: not at safepoint (normal execution)

VM Mutex/Monitor currently owned by a thread: None

Heap address: 0x0000000702c00000, size: 4052 MB, Compressed Oops mode: Zero based, Oop shift amount: 3

CDS archive(s) mapped at: [0x000001cfe1000000-0x000001cfe1d40000-0x000001cfe1d40000), size 13893632, SharedBaseAddress: 0x000001cfe1000000, ArchiveRelocationMode: 1.
Compressed class space mapped at: 0x000001cfe2000000-0x000001d022000000, reserved size: 1073741824
UseCompressedClassPointers 1, UseCompactObjectHeaders 0
Narrow klass pointer bits 32, Max shift 3
Narrow klass base: 0x000001cfe1000000, Narrow klass shift: 0
Encoding Range: [0x000001cfe1000000 - 0x000001d0e1000000), (4294967296 bytes)
Klass Range:    [0x000001cfe1000000 - 0x000001d022000000), (1090519040 bytes)
Klass ID Range:  [8 - 1090519033) (1090519025)

GC Precious Log:
 CardTable entry size: 512
 Card Set container configuration: InlinePtr #cards 4 size 8 Array Of Cards #cards 16 size 48 Howl #buckets 8 coarsen threshold 3686 Howl Bitmap #cards 512 size 80 coarsen threshold 460 Card regions per heap region 1 cards per card region 4096
 CPUs: 6 total, 6 available
 Memory: 16207M
 Large Page Support: Disabled
 NUMA Support: Disabled
 Compressed Oops: Enabled (Zero based)
 Heap Region Size: 2M
 Heap Min Capacity: 8M
 Heap Initial Capacity: 254M
 Heap Max Capacity: 4052M
 Pre-touch: Disabled
 Parallel Workers: 6
 Concurrent Workers: 2
 Concurrent Refinement Workers: 6
 Periodic GC: Disabled

Heap:
 garbage-first heap   total reserved 4149248K, committed 262144K, used 15476K [0x0000000702c00000, 0x0000000800000000)
  region size 2048K, 8 young (16384K), 0 survivors (0K)
 Metaspace       used 7492K, committed 7744K, reserved 1114112K
  class space    used 704K, committed 832K, reserved 1048576K

Heap Regions: E=young(eden), S=young(survivor), O=old, HS=humongous(starts), HC=humongous(continues), CS=collection set, F=free, TAMS=top-at-mark-start, PB=parsable bottom
|   0|0x0000000702c00000, 0x0000000702c00000, 0x0000000702e00000|  0%| F|  |TAMS 0x0000000702c00000| PB 0x0000000702c00000| Untracked |  0
|   1|0x0000000702e00000, 0x0000000702e00000, 0x0000000703000000|  0%| F|  |TAMS 0x0000000702e00000| PB 0x0000000702e00000| Untracked |  0
|   2|0x0000000703000000, 0x0000000703000000, 0x0000000703200000|  0%| F|  |TAMS 0x0000000703000000| PB 0x0000000703000000| Untracked |  0
|   3|0x0000000703200000, 0x0000000703200000, 0x0000000703400000|  0%| F|  |TAMS 0x0000000703200000| PB 0x0000000703200000| Untracked |  0
|   4|0x0000000703400000, 0x0000000703400000, 0x0000000703600000|  0%| F|  |TAMS 0x0000000703400000| PB 0x0000000703400000| Untracked |  0
|   5|0x0000000703600000, 0x0000000703600000, 0x0000000703800000|  0%| F|  |TAMS 0x0000000703600000| PB 0x0000000703600000| Untracked |  0
|   6|0x0000000703800000, 0x0000000703800000, 0x0000000703a00000|  0%| F|  |TAMS 0x0000000703800000| PB 0x0000000703800000| Untracked |  0
|   7|0x0000000703a00000, 0x0000000703a00000, 0x0000000703c00000|  0%| F|  |TAMS 0x0000000703a00000| PB 0x0000000703a00000| Untracked |  0
|   8|0x0000000703c00000, 0x0000000703c00000, 0x0000000703e00000|  0%| F|  |TAMS 0x0000000703c00000| PB 0x0000000703c00000| Untracked |  0
|   9|0x0000000703e00000, 0x0000000703e00000, 0x0000000704000000|  0%| F|  |TAMS 0x0000000703e00000| PB 0x0000000703e00000| Untracked |  0
|  10|0x0000000704000000, 0x0000000704000000, 0x0000000704200000|  0%| F|  |TAMS 0x0000000704000000| PB 0x0000000704000000| Untracked |  0
|  11|0x0000000704200000, 0x0000000704200000, 0x0000000704400000|  0%| F|  |TAMS 0x0000000704200000| PB 0x0000000704200000| Untracked |  0
|  12|0x0000000704400000, 0x0000000704400000, 0x0000000704600000|  0%| F|  |TAMS 0x0000000704400000| PB 0x0000000704400000| Untracked |  0
|  13|0x0000000704600000, 0x0000000704600000, 0x0000000704800000|  0%| F|  |TAMS 0x0000000704600000| PB 0x0000000704600000| Untracked |  0
|  14|0x0000000704800000, 0x0000000704800000, 0x0000000704a00000|  0%| F|  |TAMS 0x0000000704800000| PB 0x0000000704800000| Untracked |  0
|  15|0x0000000704a00000, 0x0000000704a00000, 0x0000000704c00000|  0%| F|  |TAMS 0x0000000704a00000| PB 0x0000000704a00000| Untracked |  0
|  16|0x0000000704c00000, 0x0000000704c00000, 0x0000000704e00000|  0%| F|  |TAMS 0x0000000704c00000| PB 0x0000000704c00000| Untracked |  0
|  17|0x0000000704e00000, 0x0000000704e00000, 0x0000000705000000|  0%| F|  |TAMS 0x0000000704e00000| PB 0x0000000704e00000| Untracked |  0
|  18|0x0000000705000000, 0x0000000705000000, 0x0000000705200000|  0%| F|  |TAMS 0x0000000705000000| PB 0x0000000705000000| Untracked |  0
|  19|0x0000000705200000, 0x0000000705200000, 0x0000000705400000|  0%| F|  |TAMS 0x0000000705200000| PB 0x0000000705200000| Untracked |  0
|  20|0x0000000705400000, 0x0000000705400000, 0x0000000705600000|  0%| F|  |TAMS 0x0000000705400000| PB 0x0000000705400000| Untracked |  0
|  21|0x0000000705600000, 0x0000000705600000, 0x0000000705800000|  0%| F|  |TAMS 0x0000000705600000| PB 0x0000000705600000| Untracked |  0
|  22|0x0000000705800000, 0x0000000705800000, 0x0000000705a00000|  0%| F|  |TAMS 0x0000000705800000| PB 0x0000000705800000| Untracked |  0
|  23|0x0000000705a00000, 0x0000000705a00000, 0x0000000705c00000|  0%| F|  |TAMS 0x0000000705a00000| PB 0x0000000705a00000| Untracked |  0
|  24|0x0000000705c00000, 0x0000000705c00000, 0x0000000705e00000|  0%| F|  |TAMS 0x0000000705c00000| PB 0x0000000705c00000| Untracked |  0
|  25|0x0000000705e00000, 0x0000000705e00000, 0x0000000706000000|  0%| F|  |TAMS 0x0000000705e00000| PB 0x0000000705e00000| Untracked |  0
|  26|0x0000000706000000, 0x0000000706000000, 0x0000000706200000|  0%| F|  |TAMS 0x0000000706000000| PB 0x0000000706000000| Untracked |  0
|  27|0x0000000706200000, 0x0000000706200000, 0x0000000706400000|  0%| F|  |TAMS 0x0000000706200000| PB 0x0000000706200000| Untracked |  0
|  28|0x0000000706400000, 0x0000000706400000, 0x0000000706600000|  0%| F|  |TAMS 0x0000000706400000| PB 0x0000000706400000| Untracked |  0
|  29|0x0000000706600000, 0x0000000706600000, 0x0000000706800000|  0%| F|  |TAMS 0x0000000706600000| PB 0x0000000706600000| Untracked |  0
|  30|0x0000000706800000, 0x0000000706800000, 0x0000000706a00000|  0%| F|  |TAMS 0x0000000706800000| PB 0x0000000706800000| Untracked |  0
|  31|0x0000000706a00000, 0x0000000706a00000, 0x0000000706c00000|  0%| F|  |TAMS 0x0000000706a00000| PB 0x0000000706a00000| Untracked |  0
|  32|0x0000000706c00000, 0x0000000706c00000, 0x0000000706e00000|  0%| F|  |TAMS 0x0000000706c00000| PB 0x0000000706c00000| Untracked |  0
|  33|0x0000000706e00000, 0x0000000706e00000, 0x0000000707000000|  0%| F|  |TAMS 0x0000000706e00000| PB 0x0000000706e00000| Untracked |  0
|  34|0x0000000707000000, 0x0000000707000000, 0x0000000707200000|  0%| F|  |TAMS 0x0000000707000000| PB 0x0000000707000000| Untracked |  0
|  35|0x0000000707200000, 0x0000000707200000, 0x0000000707400000|  0%| F|  |TAMS 0x0000000707200000| PB 0x0000000707200000| Untracked |  0
|  36|0x0000000707400000, 0x0000000707400000, 0x0000000707600000|  0%| F|  |TAMS 0x0000000707400000| PB 0x0000000707400000| Untracked |  0
|  37|0x0000000707600000, 0x0000000707600000, 0x0000000707800000|  0%| F|  |TAMS 0x0000000707600000| PB 0x0000000707600000| Untracked |  0
|  38|0x0000000707800000, 0x0000000707800000, 0x0000000707a00000|  0%| F|  |TAMS 0x0000000707800000| PB 0x0000000707800000| Untracked |  0
|  39|0x0000000707a00000, 0x0000000707a00000, 0x0000000707c00000|  0%| F|  |TAMS 0x0000000707a00000| PB 0x0000000707a00000| Untracked |  0
|  40|0x0000000707c00000, 0x0000000707c00000, 0x0000000707e00000|  0%| F|  |TAMS 0x0000000707c00000| PB 0x0000000707c00000| Untracked |  0
|  41|0x0000000707e00000, 0x0000000707e00000, 0x0000000708000000|  0%| F|  |TAMS 0x0000000707e00000| PB 0x0000000707e00000| Untracked |  0
|  42|0x0000000708000000, 0x0000000708000000, 0x0000000708200000|  0%| F|  |TAMS 0x0000000708000000| PB 0x0000000708000000| Untracked |  0
|  43|0x0000000708200000, 0x0000000708200000, 0x0000000708400000|  0%| F|  |TAMS 0x0000000708200000| PB 0x0000000708200000| Untracked |  0
|  44|0x0000000708400000, 0x0000000708400000, 0x0000000708600000|  0%| F|  |TAMS 0x0000000708400000| PB 0x0000000708400000| Untracked |  0
|  45|0x0000000708600000, 0x0000000708600000, 0x0000000708800000|  0%| F|  |TAMS 0x0000000708600000| PB 0x0000000708600000| Untracked |  0
|  46|0x0000000708800000, 0x0000000708800000, 0x0000000708a00000|  0%| F|  |TAMS 0x0000000708800000| PB 0x0000000708800000| Untracked |  0
|  47|0x0000000708a00000, 0x0000000708a00000, 0x0000000708c00000|  0%| F|  |TAMS 0x0000000708a00000| PB 0x0000000708a00000| Untracked |  0
|  48|0x0000000708c00000, 0x0000000708c00000, 0x0000000708e00000|  0%| F|  |TAMS 0x0000000708c00000| PB 0x0000000708c00000| Untracked |  0
|  49|0x0000000708e00000, 0x0000000708e00000, 0x0000000709000000|  0%| F|  |TAMS 0x0000000708e00000| PB 0x0000000708e00000| Untracked |  0
|  50|0x0000000709000000, 0x0000000709000000, 0x0000000709200000|  0%| F|  |TAMS 0x0000000709000000| PB 0x0000000709000000| Untracked |  0
|  51|0x0000000709200000, 0x0000000709200000, 0x0000000709400000|  0%| F|  |TAMS 0x0000000709200000| PB 0x0000000709200000| Untracked |  0
|  52|0x0000000709400000, 0x0000000709400000, 0x0000000709600000|  0%| F|  |TAMS 0x0000000709400000| PB 0x0000000709400000| Untracked |  0
|  53|0x0000000709600000, 0x0000000709600000, 0x0000000709800000|  0%| F|  |TAMS 0x0000000709600000| PB 0x0000000709600000| Untracked |  0
|  54|0x0000000709800000, 0x0000000709800000, 0x0000000709a00000|  0%| F|  |TAMS 0x0000000709800000| PB 0x0000000709800000| Untracked |  0
|  55|0x0000000709a00000, 0x0000000709a00000, 0x0000000709c00000|  0%| F|  |TAMS 0x0000000709a00000| PB 0x0000000709a00000| Untracked |  0
|  56|0x0000000709c00000, 0x0000000709c00000, 0x0000000709e00000|  0%| F|  |TAMS 0x0000000709c00000| PB 0x0000000709c00000| Untracked |  0
|  57|0x0000000709e00000, 0x0000000709e00000, 0x000000070a000000|  0%| F|  |TAMS 0x0000000709e00000| PB 0x0000000709e00000| Untracked |  0
|  58|0x000000070a000000, 0x000000070a000000, 0x000000070a200000|  0%| F|  |TAMS 0x000000070a000000| PB 0x000000070a000000| Untracked |  0
|  59|0x000000070a200000, 0x000000070a200000, 0x000000070a400000|  0%| F|  |TAMS 0x000000070a200000| PB 0x000000070a200000| Untracked |  0
|  60|0x000000070a400000, 0x000000070a400000, 0x000000070a600000|  0%| F|  |TAMS 0x000000070a400000| PB 0x000000070a400000| Untracked |  0
|  61|0x000000070a600000, 0x000000070a600000, 0x000000070a800000|  0%| F|  |TAMS 0x000000070a600000| PB 0x000000070a600000| Untracked |  0
|  62|0x000000070a800000, 0x000000070a800000, 0x000000070aa00000|  0%| F|  |TAMS 0x000000070a800000| PB 0x000000070a800000| Untracked |  0
|  63|0x000000070aa00000, 0x000000070aa00000, 0x000000070ac00000|  0%| F|  |TAMS 0x000000070aa00000| PB 0x000000070aa00000| Untracked |  0
|  64|0x000000070ac00000, 0x000000070ac00000, 0x000000070ae00000|  0%| F|  |TAMS 0x000000070ac00000| PB 0x000000070ac00000| Untracked |  0
|  65|0x000000070ae00000, 0x000000070ae00000, 0x000000070b000000|  0%| F|  |TAMS 0x000000070ae00000| PB 0x000000070ae00000| Untracked |  0
|  66|0x000000070b000000, 0x000000070b000000, 0x000000070b200000|  0%| F|  |TAMS 0x000000070b000000| PB 0x000000070b000000| Untracked |  0
|  67|0x000000070b200000, 0x000000070b200000, 0x000000070b400000|  0%| F|  |TAMS 0x000000070b200000| PB 0x000000070b200000| Untracked |  0
|  68|0x000000070b400000, 0x000000070b400000, 0x000000070b600000|  0%| F|  |TAMS 0x000000070b400000| PB 0x000000070b400000| Untracked |  0
|  69|0x000000070b600000, 0x000000070b600000, 0x000000070b800000|  0%| F|  |TAMS 0x000000070b600000| PB 0x000000070b600000| Untracked |  0
|  70|0x000000070b800000, 0x000000070b800000, 0x000000070ba00000|  0%| F|  |TAMS 0x000000070b800000| PB 0x000000070b800000| Untracked |  0
|  71|0x000000070ba00000, 0x000000070ba00000, 0x000000070bc00000|  0%| F|  |TAMS 0x000000070ba00000| PB 0x000000070ba00000| Untracked |  0
|  72|0x000000070bc00000, 0x000000070bc00000, 0x000000070be00000|  0%| F|  |TAMS 0x000000070bc00000| PB 0x000000070bc00000| Untracked |  0
|  73|0x000000070be00000, 0x000000070be00000, 0x000000070c000000|  0%| F|  |TAMS 0x000000070be00000| PB 0x000000070be00000| Untracked |  0
|  74|0x000000070c000000, 0x000000070c000000, 0x000000070c200000|  0%| F|  |TAMS 0x000000070c000000| PB 0x000000070c000000| Untracked |  0
|  75|0x000000070c200000, 0x000000070c200000, 0x000000070c400000|  0%| F|  |TAMS 0x000000070c200000| PB 0x000000070c200000| Untracked |  0
|  76|0x000000070c400000, 0x000000070c400000, 0x000000070c600000|  0%| F|  |TAMS 0x000000070c400000| PB 0x000000070c400000| Untracked |  0
|  77|0x000000070c600000, 0x000000070c600000, 0x000000070c800000|  0%| F|  |TAMS 0x000000070c600000| PB 0x000000070c600000| Untracked |  0
|  78|0x000000070c800000, 0x000000070c800000, 0x000000070ca00000|  0%| F|  |TAMS 0x000000070c800000| PB 0x000000070c800000| Untracked |  0
|  79|0x000000070ca00000, 0x000000070ca00000, 0x000000070cc00000|  0%| F|  |TAMS 0x000000070ca00000| PB 0x000000070ca00000| Untracked |  0
|  80|0x000000070cc00000, 0x000000070cc00000, 0x000000070ce00000|  0%| F|  |TAMS 0x000000070cc00000| PB 0x000000070cc00000| Untracked |  0
|  81|0x000000070ce00000, 0x000000070ce00000, 0x000000070d000000|  0%| F|  |TAMS 0x000000070ce00000| PB 0x000000070ce00000| Untracked |  0
|  82|0x000000070d000000, 0x000000070d000000, 0x000000070d200000|  0%| F|  |TAMS 0x000000070d000000| PB 0x000000070d000000| Untracked |  0
|  83|0x000000070d200000, 0x000000070d200000, 0x000000070d400000|  0%| F|  |TAMS 0x000000070d200000| PB 0x000000070d200000| Untracked |  0
|  84|0x000000070d400000, 0x000000070d400000, 0x000000070d600000|  0%| F|  |TAMS 0x000000070d400000| PB 0x000000070d400000| Untracked |  0
|  85|0x000000070d600000, 0x000000070d600000, 0x000000070d800000|  0%| F|  |TAMS 0x000000070d600000| PB 0x000000070d600000| Untracked |  0
|  86|0x000000070d800000, 0x000000070d800000, 0x000000070da00000|  0%| F|  |TAMS 0x000000070d800000| PB 0x000000070d800000| Untracked |  0
|  87|0x000000070da00000, 0x000000070da00000, 0x000000070dc00000|  0%| F|  |TAMS 0x000000070da00000| PB 0x000000070da00000| Untracked |  0
|  88|0x000000070dc00000, 0x000000070dc00000, 0x000000070de00000|  0%| F|  |TAMS 0x000000070dc00000| PB 0x000000070dc00000| Untracked |  0
|  89|0x000000070de00000, 0x000000070de00000, 0x000000070e000000|  0%| F|  |TAMS 0x000000070de00000| PB 0x000000070de00000| Untracked |  0
|  90|0x000000070e000000, 0x000000070e000000, 0x000000070e200000|  0%| F|  |TAMS 0x000000070e000000| PB 0x000000070e000000| Untracked |  0
|  91|0x000000070e200000, 0x000000070e200000, 0x000000070e400000|  0%| F|  |TAMS 0x000000070e200000| PB 0x000000070e200000| Untracked |  0
|  92|0x000000070e400000, 0x000000070e400000, 0x000000070e600000|  0%| F|  |TAMS 0x000000070e400000| PB 0x000000070e400000| Untracked |  0
|  93|0x000000070e600000, 0x000000070e600000, 0x000000070e800000|  0%| F|  |TAMS 0x000000070e600000| PB 0x000000070e600000| Untracked |  0
|  94|0x000000070e800000, 0x000000070e800000, 0x000000070ea00000|  0%| F|  |TAMS 0x000000070e800000| PB 0x000000070e800000| Untracked |  0
|  95|0x000000070ea00000, 0x000000070ea00000, 0x000000070ec00000|  0%| F|  |TAMS 0x000000070ea00000| PB 0x000000070ea00000| Untracked |  0
|  96|0x000000070ec00000, 0x000000070ec00000, 0x000000070ee00000|  0%| F|  |TAMS 0x000000070ec00000| PB 0x000000070ec00000| Untracked |  0
|  97|0x000000070ee00000, 0x000000070ee00000, 0x000000070f000000|  0%| F|  |TAMS 0x000000070ee00000| PB 0x000000070ee00000| Untracked |  0
|  98|0x000000070f000000, 0x000000070f000000, 0x000000070f200000|  0%| F|  |TAMS 0x000000070f000000| PB 0x000000070f000000| Untracked |  0
|  99|0x000000070f200000, 0x000000070f200000, 0x000000070f400000|  0%| F|  |TAMS 0x000000070f200000| PB 0x000000070f200000| Untracked |  0
| 100|0x000000070f400000, 0x000000070f400000, 0x000000070f600000|  0%| F|  |TAMS 0x000000070f400000| PB 0x000000070f400000| Untracked |  0
| 101|0x000000070f600000, 0x000000070f600000, 0x000000070f800000|  0%| F|  |TAMS 0x000000070f600000| PB 0x000000070f600000| Untracked |  0
| 102|0x000000070f800000, 0x000000070f800000, 0x000000070fa00000|  0%| F|  |TAMS 0x000000070f800000| PB 0x000000070f800000| Untracked |  0
| 103|0x000000070fa00000, 0x000000070fa00000, 0x000000070fc00000|  0%| F|  |TAMS 0x000000070fa00000| PB 0x000000070fa00000| Untracked |  0
| 104|0x000000070fc00000, 0x000000070fc00000, 0x000000070fe00000|  0%| F|  |TAMS 0x000000070fc00000| PB 0x000000070fc00000| Untracked |  0
| 105|0x000000070fe00000, 0x000000070fe00000, 0x0000000710000000|  0%| F|  |TAMS 0x000000070fe00000| PB 0x000000070fe00000| Untracked |  0
| 106|0x0000000710000000, 0x0000000710000000, 0x0000000710200000|  0%| F|  |TAMS 0x0000000710000000| PB 0x0000000710000000| Untracked |  0
| 107|0x0000000710200000, 0x0000000710200000, 0x0000000710400000|  0%| F|  |TAMS 0x0000000710200000| PB 0x0000000710200000| Untracked |  0
| 108|0x0000000710400000, 0x0000000710400000, 0x0000000710600000|  0%| F|  |TAMS 0x0000000710400000| PB 0x0000000710400000| Untracked |  0
| 109|0x0000000710600000, 0x0000000710600000, 0x0000000710800000|  0%| F|  |TAMS 0x0000000710600000| PB 0x0000000710600000| Untracked |  0
| 110|0x0000000710800000, 0x0000000710800000, 0x0000000710a00000|  0%| F|  |TAMS 0x0000000710800000| PB 0x0000000710800000| Untracked |  0
| 111|0x0000000710a00000, 0x0000000710a00000, 0x0000000710c00000|  0%| F|  |TAMS 0x0000000710a00000| PB 0x0000000710a00000| Untracked |  0
| 112|0x0000000710c00000, 0x0000000710c00000, 0x0000000710e00000|  0%| F|  |TAMS 0x0000000710c00000| PB 0x0000000710c00000| Untracked |  0
| 113|0x0000000710e00000, 0x0000000710e00000, 0x0000000711000000|  0%| F|  |TAMS 0x0000000710e00000| PB 0x0000000710e00000| Untracked |  0
| 114|0x0000000711000000, 0x0000000711000000, 0x0000000711200000|  0%| F|  |TAMS 0x0000000711000000| PB 0x0000000711000000| Untracked |  0
| 115|0x0000000711200000, 0x0000000711200000, 0x0000000711400000|  0%| F|  |TAMS 0x0000000711200000| PB 0x0000000711200000| Untracked |  0
| 116|0x0000000711400000, 0x0000000711400000, 0x0000000711600000|  0%| F|  |TAMS 0x0000000711400000| PB 0x0000000711400000| Untracked |  0
| 117|0x0000000711600000, 0x0000000711600000, 0x0000000711800000|  0%| F|  |TAMS 0x0000000711600000| PB 0x0000000711600000| Untracked |  0
| 118|0x0000000711800000, 0x0000000711800000, 0x0000000711a00000|  0%| F|  |TAMS 0x0000000711800000| PB 0x0000000711800000| Untracked |  0
| 119|0x0000000711a00000, 0x0000000711bc62d8, 0x0000000711c00000| 88%| E|  |TAMS 0x0000000711a00000| PB 0x0000000711a00000| Complete |  0
| 120|0x0000000711c00000, 0x0000000711e00000, 0x0000000711e00000|100%| E|CS|TAMS 0x0000000711c00000| PB 0x0000000711c00000| Complete |  0
| 121|0x0000000711e00000, 0x0000000712000000, 0x0000000712000000|100%| E|CS|TAMS 0x0000000711e00000| PB 0x0000000711e00000| Complete |  0
| 122|0x0000000712000000, 0x0000000712200000, 0x0000000712200000|100%| E|CS|TAMS 0x0000000712000000| PB 0x0000000712000000| Complete |  0
| 123|0x0000000712200000, 0x0000000712400000, 0x0000000712400000|100%| E|CS|TAMS 0x0000000712200000| PB 0x0000000712200000| Complete |  0
| 124|0x0000000712400000, 0x0000000712600000, 0x0000000712600000|100%| E|CS|TAMS 0x0000000712400000| PB 0x0000000712400000| Complete |  0
| 125|0x0000000712600000, 0x0000000712800000, 0x0000000712800000|100%| E|CS|TAMS 0x0000000712600000| PB 0x0000000712600000| Complete |  0
| 126|0x0000000712800000, 0x0000000712a00000, 0x0000000712a00000|100%| E|CS|TAMS 0x0000000712800000| PB 0x0000000712800000| Complete |  0
|2025|0x00000007ffe00000, 0x00000007fff1d3c0, 0x0000000800000000| 55%| O|  |TAMS 0x00000007ffe00000| PB 0x00000007ffe00000| Untracked |  0

Card table byte_map: [0x000001cfd9900000,0x000001cfda0f0000] _byte_map_base: 0x000001cfd60ea000

Marking Bits: (CMBitMap*) 0x000001cfbf9a0040
 Bits: [0x000001cfda0f0000, 0x000001cfde040000)

Polling page: 0x000001cfbf690000

Metaspace:

Usage:
  Non-class:      6.66 MB used.
      Class:    712.10 KB used.
       Both:      7.36 MB used.

Virtual space:
  Non-class space:       64.00 MB reserved,       6.75 MB ( 11%) committed,  1 nodes.
      Class space:        1.00 GB reserved,     832.00 KB ( <1%) committed,  1 nodes.
             Both:        1.06 GB reserved,       7.56 MB ( <1%) committed. 

Chunk freelists:
   Non-Class:  8.76 MB
       Class:  15.22 MB
        Both:  23.97 MB

MaxMetaspaceSize: unlimited
CompressedClassSpaceSize: 1.00 GB
Initial GC threshold: 21.00 MB
Current GC threshold: 21.00 MB
CDS: on
 - commit_granule_bytes: 65536.
 - commit_granule_words: 8192.
 - virtual_space_node_default_size: 8388608.
 - enlarge_chunks_in_place: 1.
UseCompressedClassPointers 1, UseCompactObjectHeaders 0
Narrow klass pointer bits 32, Max shift 3
Narrow klass base: 0x000001cfe1000000, Narrow klass shift: 0
Encoding Range: [0x000001cfe1000000 - 0x000001d0e1000000), (4294967296 bytes)
Klass Range:    [0x000001cfe1000000 - 0x000001d022000000), (1090519040 bytes)
Klass ID Range:  [8 - 1090519033) (1090519025)


Internal statistics:

num_allocs_failed_limit: 0.
num_arena_births: 84.
num_arena_deaths: 0.
num_vsnodes_births: 2.
num_vsnodes_deaths: 0.
num_space_committed: 121.
num_space_uncommitted: 0.
num_chunks_returned_to_freelist: 0.
num_chunks_taken_from_freelist: 123.
num_chunk_merges: 0.
num_chunk_splits: 77.
num_chunks_enlarged: 44.
num_inconsistent_stats: 0.

CodeHeap 'non-profiled nmethods': size=120064Kb used=223Kb max_used=223Kb free=119840Kb
 bounds [0x000001cfd1380000, 0x000001cfd15f0000, 0x000001cfd88c0000]
CodeHeap 'profiled nmethods': size=120000Kb used=1151Kb max_used=1151Kb free=118848Kb
 bounds [0x000001cfc98c0000, 0x000001cfc9b30000, 0x000001cfd0df0000]
CodeHeap 'non-nmethods': size=5696Kb used=1423Kb max_used=1434Kb free=4272Kb
 bounds [0x000001cfd0df0000, 0x000001cfd1060000, 0x000001cfd1380000]
CodeCache: size=245760Kb, used=2797Kb, max_used=2808Kb, free=242960Kb
 total_blobs=1413, nmethods=824, adapters=494, full_count=0
Compilation: enabled, stopped_count=0, restarted_count=0

Compilation events (20 events):
Event: 0.366 Thread 0x000001cfe0909ff0  703       3       java.util.Hashtable$Enumerator::next (27 bytes)
Event: 0.366 Thread 0x000001cfe0909ff0 nmethod 703 0x000001cfc99b2108 code [0x000001cfc99b2240, 0x000001cfc99b2438]
Event: 0.366 Thread 0x000001cfe0909ff0  704       3       java.util.Hashtable$Enumerator::nextElement (111 bytes)
Event: 0.367 Thread 0x000001cfe0909ff0 nmethod 704 0x000001cfc99b2488 code [0x000001cfc99b25e0, 0x000001cfc99b2a98]
Event: 0.367 Thread 0x000001cfe0909ff0  705       3       java.util.Hashtable$Entry::hashCode (13 bytes)
Event: 0.367 Thread 0x000001cfe0909ff0 nmethod 705 0x000001cfc99b2b08 code [0x000001cfc99b2c40, 0x000001cfc99b2ec8]
Event: 0.367 Thread 0x000001cfe0909ff0  709       3       javax.swing.plaf.nimbus.NimbusLookAndFeel::addDefault (70 bytes)
Event: 0.367 Thread 0x000001cfe0909ff0 nmethod 709 0x000001cfc99b2f08 code [0x000001cfc99b30a0, 0x000001cfc99b37b8]
Event: 0.367 Thread 0x000001cfe0909ff0  706       1       java.util.Hashtable$Entry::getKey (5 bytes)
Event: 0.367 Thread 0x000001cfe0909ff0 nmethod 706 0x000001cfd13b0e08 code [0x000001cfd13b0f00, 0x000001cfd13b0fc8]
Event: 0.367 Thread 0x000001cfe0909ff0  699       3       java.lang.invoke.LambdaForm$NamedFunction::returnType (11 bytes)
Event: 0.368 Thread 0x000001cfe0909ff0 nmethod 699 0x000001cfc99b3808 code [0x000001cfc99b3980, 0x000001cfc99b40d8]
Event: 0.368 Thread 0x000001cfe0909ff0  698       3       java.util.ResourceBundle::getObject (82 bytes)
Event: 0.368 Thread 0x000001cfe0909ff0 nmethod 698 0x000001cfc99b4188 code [0x000001cfc99b43c0, 0x000001cfc99b5458]
Event: 0.368 Thread 0x000001cfe0909ff0  711       1       java.beans.PropertyChangeEvent::getPropertyName (5 bytes)
Event: 0.368 Thread 0x000001cfe0909ff0 nmethod 711 0x000001cfd13b1408 code [0x000001cfd13b1500, 0x000001cfd13b15c8]
Event: 0.369 Thread 0x000001cfe0909ff0  713       1       java.lang.reflect.Field::getName (5 bytes)
Event: 0.369 Thread 0x000001cfe0909ff0 nmethod 713 0x000001cfd13b1708 code [0x000001cfd13b1800, 0x000001cfd13b18c8]
Event: 0.369 Thread 0x000001cfe0909ff0  714   !   3       sun.awt.AppContext::get (123 bytes)
Event: 0.369 Thread 0x000001cfe0909ff0 nmethod 714 0x000001cfc99b5508 code [0x000001cfc99b56a0, 0x000001cfc99b6278]

GC Heap History (0 events):
No events

Dll operation events (9 events):
Event: 0.011 Loaded shared library C:\Program Files\Java\jdk-24\bin\java.dll
Event: 0.038 Loaded shared library C:\Program Files\Java\jdk-24\bin\jsvml.dll
Event: 0.067 Loaded shared library C:\Program Files\Java\jdk-24\bin\net.dll
Event: 0.069 Loaded shared library C:\Program Files\Java\jdk-24\bin\nio.dll
Event: 0.094 Loaded shared library C:\Program Files\Java\jdk-24\bin\zip.dll
Event: 0.111 Loaded shared library C:\Program Files\Java\jdk-24\bin\jimage.dll
Event: 0.123 Loaded shared library C:\Program Files\Java\jdk-24\bin\awt.dll
Event: 0.260 Loaded shared library C:\Program Files\Java\jdk-24\bin\freetype.dll
Event: 0.262 Loaded shared library C:\Program Files\Java\jdk-24\bin\fontmanager.dll

Deoptimization events (4 events):
Event: 0.195 Thread 0x000001cfbf41e020 Uncommon trap: trap_request=0xffffff4d fr.pc=0x000001cfd1392070 relative=0x0000000000000930
Event: 0.195 Thread 0x000001cfbf41e020 Uncommon trap: reason=unstable_if action=reinterpret pc=0x000001cfd1392070 method=java.util.HashMap.putVal(ILjava/lang/Object;Ljava/lang/Object;ZZ)Ljava/lang/Object; @ 81 c2
Event: 0.195 Thread 0x000001cfbf41e020 DEOPT PACKING pc=0x000001cfd1392070 sp=0x0000000ecf4fe8e0
Event: 0.195 Thread 0x000001cfbf41e020 DEOPT UNPACKING pc=0x000001cfd0f06302 sp=0x0000000ecf4fe870 mode 2

Classes loaded (20 events):
Event: 0.363 Loading class javax/swing/plaf/InputMapUIResource
Event: 0.363 Loading class javax/swing/plaf/InputMapUIResource done
Event: 0.363 Loading class java/awt/VKCollection
Event: 0.363 Loading class java/awt/VKCollection done
Event: 0.363 Loading class java/awt/event/KeyEvent
Event: 0.365 Loading class java/awt/event/KeyEvent done
Event: 0.367 Loading class java/awt/event/KeyEvent$1
Event: 0.367 Loading class sun/awt/AWTAccessor$KeyEventAccessor
Event: 0.367 Loading class sun/awt/AWTAccessor$KeyEventAccessor done
Event: 0.367 Loading class java/awt/event/KeyEvent$1 done
Event: 0.368 Loading class java/lang/invoke/DirectMethodHandle$StaticAccessor
Event: 0.368 Loading class java/lang/invoke/DirectMethodHandle$StaticAccessor done
Event: 0.368 Loading class jdk/internal/reflect/MethodHandleIntegerFieldAccessorImpl
Event: 0.368 Loading class jdk/internal/reflect/MethodHandleIntegerFieldAccessorImpl done
Event: 0.369 Loading class javax/swing/plaf/basic/LazyActionMap
Event: 0.369 Loading class javax/swing/plaf/ActionMapUIResource
Event: 0.369 Loading class javax/swing/ActionMap
Event: 0.369 Loading class javax/swing/ActionMap done
Event: 0.369 Loading class javax/swing/plaf/ActionMapUIResource done
Event: 0.369 Loading class javax/swing/plaf/basic/LazyActionMap done

Classes unloaded (0 events):
No events

Classes redefined (0 events):
No events

Internal exceptions (20 events):
Event: 0.318 Thread 0x000001cfbf41e020 Exception <a 'java/lang/ClassNotFoundException'{0x0000000712166c78}: TextArea> (0x0000000712166c78) 
thrown [s\open\src\hotspot\share\classfile\systemDictionary.cpp, line 327]
Event: 0.319 Thread 0x000001cfbf41e020 Exception <a 'java/lang/ClassNotFoundException'{0x00000007121675b8}: TextPane> (0x00000007121675b8) 
thrown [s\open\src\hotspot\share\classfile\systemDictionary.cpp, line 327]
Event: 0.319 Thread 0x000001cfbf41e020 Exception <a 'java/lang/ClassNotFoundException'{0x0000000712167a20}: EditorPane> (0x0000000712167a20) 
thrown [s\open\src\hotspot\share\classfile\systemDictionary.cpp, line 327]
Event: 0.319 Thread 0x000001cfbf41e020 Exception <a 'java/lang/ClassNotFoundException'{0x0000000712168380}: ToolBar> (0x0000000712168380) 
thrown [s\open\src\hotspot\share\classfile\systemDictionary.cpp, line 327]
Event: 0.320 Thread 0x000001cfbf41e020 Exception <a 'java/lang/ClassNotFoundException'{0x0000000712168878}: ToolBar> (0x0000000712168878) 
thrown [s\open\src\hotspot\share\classfile\systemDictionary.cpp, line 327]
Event: 0.320 Thread 0x000001cfbf41e020 Exception <a 'java/lang/ClassNotFoundException'{0x0000000712168bd8}: Button> (0x0000000712168bd8) 
thrown [s\open\src\hotspot\share\classfile\systemDictionary.cpp, line 327]
Event: 0.320 Thread 0x000001cfbf41e020 Exception <a 'java/lang/ClassNotFoundException'{0x00000007121690a0}: ToolBar> (0x00000007121690a0) 
thrown [s\open\src\hotspot\share\classfile\systemDictionary.cpp, line 327]
Event: 0.320 Thread 0x000001cfbf41e020 Exception <a 'java/lang/ClassNotFoundException'{0x0000000712169410}: ToggleButton> (0x0000000712169410) 
thrown [s\open\src\hotspot\share\classfile\systemDictionary.cpp, line 327]
Event: 0.320 Thread 0x000001cfbf41e020 Exception <a 'java/lang/ClassNotFoundException'{0x0000000712169850}: javax/swing/JToolBarSeparator> (0x0000000712169850) 
thrown [s\open\src\hotspot\share\classfile\systemDictionary.cpp, line 327]
Event: 0.320 Thread 0x000001cfbf41e020 Exception <a 'java/lang/ClassNotFoundException'{0x0000000712169b60}: ToolBarSeparator> (0x0000000712169b60) 
thrown [s\open\src\hotspot\share\classfile\systemDictionary.cpp, line 327]
Event: 0.320 Thread 0x000001cfbf41e020 Exception <a 'java/lang/ClassNotFoundException'{0x000000071216a078}: ToolTip> (0x000000071216a078) 
thrown [s\open\src\hotspot\share\classfile\systemDictionary.cpp, line 327]
Event: 0.321 Thread 0x000001cfbf41e020 Exception <a 'java/lang/ClassNotFoundException'{0x000000071216a9c8}: Tree> (0x000000071216a9c8) 
thrown [s\open\src\hotspot\share\classfile\systemDictionary.cpp, line 327]
Event: 0.321 Thread 0x000001cfbf41e020 Exception <a 'java/lang/ClassNotFoundException'{0x000000071216aec0}: Tree> (0x000000071216aec0) 
thrown [s\open\src\hotspot\share\classfile\systemDictionary.cpp, line 327]
Event: 0.321 Thread 0x000001cfbf41e020 Exception <a 'java/lang/ClassNotFoundException'{0x000000071216b230}: javax/swing/JTreeCell> (0x000000071216b230) 
thrown [s\open\src\hotspot\share\classfile\systemDictionary.cpp, line 327]
Event: 0.321 Thread 0x000001cfbf41e020 Exception <a 'java/lang/ClassNotFoundException'{0x000000071216b538}: TreeCell> (0x000000071216b538) 
thrown [s\open\src\hotspot\share\classfile\systemDictionary.cpp, line 327]
Event: 0.321 Thread 0x000001cfbf41e020 Exception <a 'java/lang/ClassNotFoundException'{0x000000071216bcd0}: RootPane> (0x000000071216bcd0) 
thrown [s\open\src\hotspot\share\classfile\systemDictionary.cpp, line 327]
Event: 0.323 Thread 0x000001cfbf41e020 Exception <a 'java/lang/ClassNotFoundException'{0x000000071216ea40}: com/sun/swing/internal/plaf/metal/resources/spi/metalProvider> (0x000000071216ea40) 
thrown [s\open\src\hotspot\share\classfile\systemDictionary.cpp, line 327]
Event: 0.324 Thread 0x000001cfbf41e020 Exception <a 'java/lang/ClassNotFoundException'{0x00000007121724f0}: com/sun/swing/internal/plaf/basic/resources/spi/basicProvider> (0x00000007121724f0) 
thrown [s\open\src\hotspot\share\classfile\systemDictionary.cpp, line 327]
Event: 0.350 Thread 0x000001d0264a24d0 Exception <a 'java/lang/ClassNotFoundException'{0x0000000711ee5f18}: com/sun/swing/internal/plaf/synth/resources/spi/synthProvider> (0x0000000711ee5f18) 
thrown [s\open\src\hotspot\share\classfile\systemDictionary.cpp, line 327]
Event: 0.368 Thread 0x000001d0264a24d0 Exception <a 'java/lang/NoSuchMethodError'{0x0000000711f328d0}: 'int java.lang.invoke.Invokers$Holder.invokeExact_MT(java.lang.Object, java.lang.Object)'> (0x0000000711f328d0) 
thrown [s\open\src\hotspot\share\interpreter\linkResolver.cpp, line 805]

VM Operations (2 events):
Event: 0.074 Executing VM operation: HandshakeAllThreads (Deoptimize)
Event: 0.074 Executing VM operation: HandshakeAllThreads (Deoptimize) done

Memory protections (0 events):
No events

Nmethod flushes (0 events):
No events

Events (18 events):
Event: 0.024 Thread 0x000001cfbf41e020 Thread added: 0x000001cfbf41e020
Event: 0.035 Thread 0x000001cfbf41e020 Thread added: 0x000001cfe08e9690
Event: 0.035 Thread 0x000001cfbf41e020 Thread added: 0x000001cfe08ea1c0
Event: 0.036 Thread 0x000001cfbf41e020 Thread added: 0x000001cfe08eacf0
Event: 0.036 Thread 0x000001cfbf41e020 Thread added: 0x000001cfe08eb820
Event: 0.036 Thread 0x000001cfbf41e020 Thread added: 0x000001cfe08edf00
Event: 0.036 Thread 0x000001cfbf41e020 Thread added: 0x000001cfe08ef1d0
Event: 0.036 Thread 0x000001cfbf41e020 Thread added: 0x000001cfe08f3c90
Event: 0.036 Thread 0x000001cfbf41e020 Thread added: 0x000001cfe0909ff0
Event: 0.056 Thread 0x000001cfbf41e020 Thread added: 0x000001cfe09879e0
Event: 0.083 Thread 0x000001cfbf41e020 Thread added: 0x000001cfe0a94cd0
Event: 0.088 Thread 0x000001cfe0909ff0 Thread added: 0x000001cfe0ac3740
Event: 0.167 Thread 0x000001cfbf41e020 Thread added: 0x000001d026425770
Event: 0.168 Thread 0x000001cfbf41e020 Thread added: 0x000001d0262fdf90
Event: 0.168 Thread 0x000001cfbf41e020 Thread added: 0x000001d0262ff6e0
Event: 0.336 Thread 0x000001cfbf41e020 Thread added: 0x000001d0264a24d0
Event: 0.337 Thread 0x000001cfbf41e020 Thread exited: 0x000001cfbf41e020
Event: 0.337 Thread 0x000001cfbf41e020 Thread added: 0x000001cfbf41e020


Dynamic libraries:
0x00007ff714910000 - 0x00007ff714920000 	C:\Program Files\Java\jdk-24\bin\java.exe
0x00007ff91d480000 - 0x00007ff91d6e7000 	C:\WINDOWS\SYSTEM32\ntdll.dll
0x00007ff91c1e0000 - 0x00007ff91c2a9000 	C:\WINDOWS\System32\KERNEL32.DLL
0x00007ff91acc0000 - 0x00007ff91b0b0000 	C:\WINDOWS\System32\KERNELBASE.dll
0x00007ff91b0c0000 - 0x00007ff91b20b000 	C:\WINDOWS\System32\ucrtbase.dll
0x00007ff8fd7a0000 - 0x00007ff8fd7b6000 	C:\Program Files\Java\jdk-24\bin\jli.dll
0x00007ff8fd800000 - 0x00007ff8fd81b000 	C:\Program Files\Java\jdk-24\bin\VCRUNTIME140.dll
0x00007ff91d040000 - 0x00007ff91d205000 	C:\WINDOWS\System32\USER32.dll
0x00007ff91a880000 - 0x00007ff91a8a7000 	C:\WINDOWS\System32\win32u.dll
0x00007ff902830000 - 0x00007ff902aca000 	C:\WINDOWS\WinSxS\amd64_microsoft.windows.common-controls_6595b64144ccf1df_6.0.26100.4768_none_3e0c112ce331287c\COMCTL32.dll
0x00007ff91b2f0000 - 0x00007ff91b399000 	C:\WINDOWS\System32\msvcrt.dll
0x00007ff91d220000 - 0x00007ff91d24b000 	C:\WINDOWS\System32\GDI32.dll
0x00007ff91a970000 - 0x00007ff91aaa8000 	C:\WINDOWS\System32\gdi32full.dll
0x00007ff91a650000 - 0x00007ff91a6f3000 	C:\WINDOWS\System32\msvcp_win.dll
0x00007ff91b8d0000 - 0x00007ff91b8ff000 	C:\WINDOWS\System32\IMM32.DLL
0x00007ff903d70000 - 0x00007ff903d7c000 	C:\Program Files\Java\jdk-24\bin\vcruntime140_1.dll
0x00007ff8ce2b0000 - 0x00007ff8ce33e000 	C:\Program Files\Java\jdk-24\bin\msvcp140.dll
0x00007ff835be0000 - 0x00007ff836982000 	C:\Program Files\Java\jdk-24\bin\server\jvm.dll
0x00007ff91c4c0000 - 0x00007ff91c574000 	C:\WINDOWS\System32\ADVAPI32.dll
0x00007ff91c580000 - 0x00007ff91c626000 	C:\WINDOWS\System32\sechost.dll
0x00007ff91c3a0000 - 0x00007ff91c4b8000 	C:\WINDOWS\System32\RPCRT4.dll
0x00007ff91c160000 - 0x00007ff91c1d4000 	C:\WINDOWS\System32\WS2_32.dll
0x00007ff91a410000 - 0x00007ff91a46e000 	C:\WINDOWS\SYSTEM32\POWRPROF.dll
0x00007ff905950000 - 0x00007ff905985000 	C:\WINDOWS\SYSTEM32\WINMM.dll
0x00007ff913f60000 - 0x00007ff913f6b000 	C:\WINDOWS\SYSTEM32\VERSION.dll
0x00007ff91a3f0000 - 0x00007ff91a404000 	C:\WINDOWS\SYSTEM32\UMPDC.dll
0x00007ff919300000 - 0x00007ff91931b000 	C:\WINDOWS\SYSTEM32\kernel.appcore.dll
0x00007ff8fa240000 - 0x00007ff8fa24a000 	C:\Program Files\Java\jdk-24\bin\jimage.dll
0x00007ff902e00000 - 0x00007ff903041000 	C:\WINDOWS\SYSTEM32\DBGHELP.DLL
0x00007ff91bdd0000 - 0x00007ff91c155000 	C:\WINDOWS\System32\combase.dll
0x00007ff91c2b0000 - 0x00007ff91c390000 	C:\WINDOWS\System32\OLEAUT32.dll
0x00007ff9015d0000 - 0x00007ff901613000 	C:\WINDOWS\SYSTEM32\dbgcore.DLL
0x00007ff91a5b0000 - 0x00007ff91a649000 	C:\WINDOWS\System32\bcryptPrimitives.dll
0x00007ff8fd030000 - 0x00007ff8fd04e000 	C:\Program Files\Java\jdk-24\bin\java.dll
0x00007ff91b3a0000 - 0x00007ff91b540000 	C:\WINDOWS\System32\ole32.dll
0x00007ff91c660000 - 0x00007ff91cdad000 	C:\WINDOWS\System32\SHELL32.dll
0x00007ff91a700000 - 0x00007ff91a873000 	C:\WINDOWS\System32\wintypes.dll
0x00007ff918170000 - 0x00007ff9189d0000 	C:\WINDOWS\SYSTEM32\windows.storage.dll
0x00007ff91cf40000 - 0x00007ff91d035000 	C:\WINDOWS\System32\SHCORE.dll
0x00007ff91b210000 - 0x00007ff91b27a000 	C:\WINDOWS\System32\shlwapi.dll
0x00007ff91a4d0000 - 0x00007ff91a4f9000 	C:\WINDOWS\SYSTEM32\profapi.dll
0x00007ff8a8170000 - 0x00007ff8a8247000 	C:\Program Files\Java\jdk-24\bin\jsvml.dll
0x00007ff8fa230000 - 0x00007ff8fa240000 	C:\Program Files\Java\jdk-24\bin\net.dll
0x00007ff9198c0000 - 0x00007ff91992b000 	C:\WINDOWS\system32\mswsock.dll
0x00007ff8defb0000 - 0x00007ff8defc6000 	C:\Program Files\Java\jdk-24\bin\nio.dll
0x00007ff8d9b30000 - 0x00007ff8d9b47000 	C:\Program Files\Java\jdk-24\bin\zip.dll
0x00007ff89b240000 - 0x00007ff89b3bf000 	C:\Program Files\Java\jdk-24\bin\awt.dll
0x00007ff9175d0000 - 0x00007ff91766e000 	C:\WINDOWS\SYSTEM32\apphelp.dll
0x00007ff917800000 - 0x00007ff9178af000 	C:\WINDOWS\system32\uxtheme.dll
0x00007ff91d2d0000 - 0x00007ff91d431000 	C:\WINDOWS\System32\MSCTF.dll
0x00007ff917cd0000 - 0x00007ff917d05000 	C:\WINDOWS\system32\DWMAPI.DLL
0x00007ff8c8d00000 - 0x00007ff8c8d87000 	C:\Program Files\Java\jdk-24\bin\freetype.dll
0x00007ff8852b0000 - 0x00007ff885387000 	C:\Program Files\Java\jdk-24\bin\fontmanager.dll
0x00007ff8fce10000 - 0x00007ff8fcf28000 	C:\WINDOWS\system32\opengl32.dll
0x00007ff900e50000 - 0x00007ff900e7d000 	C:\WINDOWS\SYSTEM32\GLU32.dll
0x00007ff917900000 - 0x00007ff91794d000 	C:\WINDOWS\SYSTEM32\dxcore.dll

dbghelp: loaded successfully - version: 4.0.5 - missing functions: none
symbol engine: initialized successfully - sym options: 0x614 - pdb path: .;C:\Program Files\Java\jdk-24\bin;C:\WINDOWS\SYSTEM32;C:\WINDOWS\WinSxS\amd64_microsoft.windows.common-controls_6595b64144ccf1df_6.0.26100.4768_none_3e0c112ce331287c;C:\Program Files\Java\jdk-24\bin\server

VM Arguments:
jvm_args: -Dfile.encoding=UTF-8 --module-path=C:\Users\Parametrización\Documents\NetBeansProjects\Gestor_Ropa\build\classes 
java_command: GUI.Ventas
java_class_path (initial): D:\mysql-connector-j-9.3.0\mysql-connector-j-9.3.0.jar;C:\Users\Parametrización\Documents\NetBeansProjects\Gestor_Ropa\build\classes
Launcher Type: SUN_STANDARD

[Global flags]
     intx CICompilerCount                          = 3                                         {product} {ergonomic}
     uint ConcGCThreads                            = 2                                         {product} {ergonomic}
     uint G1ConcRefinementThreads                  = 6                                         {product} {ergonomic}
   size_t G1HeapRegionSize                         = 2097152                                   {product} {ergonomic}
   size_t InitialHeapSize                          = 266338304                                 {product} {ergonomic}
   size_t MarkStackSize                            = 4194304                                   {product} {ergonomic}
   size_t MarkStackSizeMax                         = 536870912                                 {product} {ergonomic}
   size_t MaxHeapSize                              = 4248829952                                {product} {ergonomic}
   size_t MaxNewSize                               = 2548039680                                {product} {ergonomic}
   size_t MinHeapDeltaBytes                        = 2097152                                   {product} {ergonomic}
   size_t MinHeapSize                              = 8388608                                   {product} {ergonomic}
    uintx NonNMethodCodeHeapSize                   = 5832704                                {pd product} {ergonomic}
    uintx NonProfiledCodeHeapSize                  = 122945536                              {pd product} {ergonomic}
    uintx ProfiledCodeHeapSize                     = 122880000                              {pd product} {ergonomic}
    uintx ReservedCodeCacheSize                    = 251658240                              {pd product} {ergonomic}
     bool SegmentedCodeCache                       = true                                      {product} {ergonomic}
   size_t SoftMaxHeapSize                          = 4248829952                             {manageable} {ergonomic}
     bool UseCompressedOops                        = true                           {product lp64_product} {ergonomic}
     bool UseG1GC                                  = true                                      {product} {ergonomic}
     bool UseLargePagesIndividualAllocation        = false                                  {pd product} {ergonomic}

Logging:
Log output configuration:
 #0: stdout all=warning uptime,level,tags foldmultilines=false
 #1: stderr all=off uptime,level,tags foldmultilines=false

Environment Variables:
PATH=C:\Program Files\Common Files\Oracle\Java\javapath;C:\WINDOWS\system32;C:\WINDOWS;C:\WINDOWS\System32\Wbem;C:\WINDOWS\System32\WindowsPowerShell\v1.0\;C:\WINDOWS\System32\OpenSSH\;C:\Program Files\Git\cmd;C:\Users\Parametrización\AppData\Local\Microsoft\WindowsApps;C:\Users\Parametrización\AppData\Local\Programs\Microsoft VS Code\bin;
USERNAME=Parametrización
OS=Windows_NT
PROCESSOR_IDENTIFIER=Intel64 Family 6 Model 158 Stepping 10, GenuineIntel
TMP=C:\Users\PARAME~1\AppData\Local\Temp
TEMP=C:\Users\PARAME~1\AppData\Local\Temp




Periodic native trim disabled

---------------  S Y S T E M  ---------------

OS:
 Windows 11 , 64 bit Build 26100 (10.0.26100.4768)
OS uptime: 14 days 1:14 hours
Hyper-V role detected

CPU: total 6 (initial active 6) (6 cores per cpu, 1 threads per core) family 6 model 158 stepping 10 microcode 0xf0, cx8, cmov, fxsr, mmx, 3dnowpref, sse, sse2, sse3, ssse3, sse4.1, sse4.2, popcnt, lzcnt, tsc, tscinvbit, avx, avx2, aes, erms, clmul, bmi1, bmi2, adx, fma, vzeroupper, clflush, clflushopt, hv, rdtscp, f16c
Processor Information for the first 6 processors :
  Max Mhz: 1704, Current Mhz: 1704, Mhz Limit: 1704

Memory: 4k page, system-wide physical 16207M (4352M free)
TotalPageFile size 18255M (AvailPageFile size 5M)
current process WorkingSet (physical memory assigned to process): 75M, peak: 75M
current process commit charge ("private bytes"): 358M, peak: 358M

vm_info: Java HotSpot(TM) 64-Bit Server VM (24+36-3646) for windows-amd64 JRE (24+36-3646), built on 2025-02-06T00:20:43Z with MS VC++ 17.6 (VS2022)

END.
